The system is: Linux - 5.15.0-69-generic - x86_64
Compiling the C compiler identification source file "CMakeCCompilerId.c" succeeded.
Compiler: /usr/bin/cc 
Build flags: 
Id flags:  

The output was:
0


Compilation of the C compiler identification source "CMakeCCompilerId.c" produced "a.out"

The C compiler identification is GNU, found in "/home/ashfamt/programming/catkin_ws/build/CMakeFiles/3.16.3/CompilerIdC/a.out"

Compiling the CXX compiler identification source file "CMakeCXXCompilerId.cpp" succeeded.
Compiler: /usr/bin/c++ 
Build flags: 
Id flags:  

The output was:
0


Compilation of the CXX compiler identification source "CMakeCXXCompilerId.cpp" produced "a.out"

The CXX compiler identification is GNU, found in "/home/ashfamt/programming/catkin_ws/build/CMakeFiles/3.16.3/CompilerIdCXX/a.out"

Determining if the C compiler works passed with the following output:
Change Dir: /home/ashfamt/programming/catkin_ws/build/CMakeFiles/CMakeTmp

Run Build Command(s):/usr/bin/make cmTC_8bab2/fast && /usr/bin/make -f CMakeFiles/cmTC_8bab2.dir/build.make CMakeFiles/cmTC_8bab2.dir/build
make[1]: Entering directory '/home/ashfamt/programming/catkin_ws/build/CMakeFiles/CMakeTmp'
Building C object CMakeFiles/cmTC_8bab2.dir/testCCompiler.c.o
/usr/bin/cc    -o CMakeFiles/cmTC_8bab2.dir/testCCompiler.c.o   -c /home/ashfamt/programming/catkin_ws/build/CMakeFiles/CMakeTmp/testCCompiler.c
Linking C executable cmTC_8bab2
/usr/bin/cmake -E cmake_link_script CMakeFiles/cmTC_8bab2.dir/link.txt --verbose=1
/usr/bin/cc      -rdynamic CMakeFiles/cmTC_8bab2.dir/testCCompiler.c.o  -o cmTC_8bab2 
make[1]: Leaving directory '/home/ashfamt/programming/catkin_ws/build/CMakeFiles/CMakeTmp'



Detecting C compiler ABI info compiled with the following output:
Change Dir: /home/ashfamt/programming/catkin_ws/build/CMakeFiles/CMakeTmp

Run Build Command(s):/usr/bin/make cmTC_020a5/fast && /usr/bin/make -f CMakeFiles/cmTC_020a5.dir/build.make CMakeFiles/cmTC_020a5.dir/build
make[1]: Entering directory '/home/ashfamt/programming/catkin_ws/build/CMakeFiles/CMakeTmp'
Building C object CMakeFiles/cmTC_020a5.dir/CMakeCCompilerABI.c.o
/usr/bin/cc   -v -o CMakeFiles/cmTC_020a5.dir/CMakeCCompilerABI.c.o   -c /usr/share/cmake-3.16/Modules/CMakeCCompilerABI.c
Using built-in specs.
COLLECT_GCC=/usr/bin/cc
OFFLOAD_TARGET_NAMES=nvptx-none:hsa
OFFLOAD_TARGET_DEFAULT=1
Target: x86_64-linux-gnu
Configured with: ../src/configure -v --with-pkgversion='Ubuntu 9.4.0-1ubuntu1~20.04.1' --with-bugurl=file:///usr/share/doc/gcc-9/README.Bugs --enable-languages=c,ada,c++,go,brig,d,fortran,objc,obj-c++,gm2 --prefix=/usr --with-gcc-major-version-only --program-suffix=-9 --program-prefix=x86_64-linux-gnu- --enable-shared --enable-linker-build-id --libexecdir=/usr/lib --without-included-gettext --enable-threads=posix --libdir=/usr/lib --enable-nls --enable-clocale=gnu --enable-libstdcxx-debug --enable-libstdcxx-time=yes --with-default-libstdcxx-abi=new --enable-gnu-unique-object --disable-vtable-verify --enable-plugin --enable-default-pie --with-system-zlib --with-target-system-zlib=auto --enable-objc-gc=auto --enable-multiarch --disable-werror --with-arch-32=i686 --with-abi=m64 --with-multilib-list=m32,m64,mx32 --enable-multilib --with-tune=generic --enable-offload-targets=nvptx-none=/build/gcc-9-Av3uEd/gcc-9-9.4.0/debian/tmp-nvptx/usr,hsa --without-cuda-driver --enable-checking=release --build=x86_64-linux-gnu --host=x86_64-linux-gnu --target=x86_64-linux-gnu
Thread model: posix
gcc version 9.4.0 (Ubuntu 9.4.0-1ubuntu1~20.04.1) 
COLLECT_GCC_OPTIONS='-v' '-o' 'CMakeFiles/cmTC_020a5.dir/CMakeCCompilerABI.c.o' '-c' '-mtune=generic' '-march=x86-64'
 /usr/lib/gcc/x86_64-linux-gnu/9/cc1 -quiet -v -imultiarch x86_64-linux-gnu /usr/share/cmake-3.16/Modules/CMakeCCompilerABI.c -quiet -dumpbase CMakeCCompilerABI.c -mtune=generic -march=x86-64 -auxbase-strip CMakeFiles/cmTC_020a5.dir/CMakeCCompilerABI.c.o -version -fasynchronous-unwind-tables -fstack-protector-strong -Wformat -Wformat-security -fstack-clash-protection -fcf-protection -o /tmp/ccKCJJGN.s
GNU C17 (Ubuntu 9.4.0-1ubuntu1~20.04.1) version 9.4.0 (x86_64-linux-gnu)
	compiled by GNU C version 9.4.0, GMP version 6.2.0, MPFR version 4.0.2, MPC version 1.1.0, isl version isl-0.22.1-GMP

GGC heuristics: --param ggc-min-expand=100 --param ggc-min-heapsize=131072
ignoring nonexistent directory "/usr/local/include/x86_64-linux-gnu"
ignoring nonexistent directory "/usr/lib/gcc/x86_64-linux-gnu/9/include-fixed"
ignoring nonexistent directory "/usr/lib/gcc/x86_64-linux-gnu/9/../../../../x86_64-linux-gnu/include"
#include "..." search starts here:
#include <...> search starts here:
 /usr/lib/gcc/x86_64-linux-gnu/9/include
 /usr/local/include
 /usr/include/x86_64-linux-gnu
 /usr/include
End of search list.
GNU C17 (Ubuntu 9.4.0-1ubuntu1~20.04.1) version 9.4.0 (x86_64-linux-gnu)
	compiled by GNU C version 9.4.0, GMP version 6.2.0, MPFR version 4.0.2, MPC version 1.1.0, isl version isl-0.22.1-GMP

GGC heuristics: --param ggc-min-expand=100 --param ggc-min-heapsize=131072
Compiler executable checksum: c0c95c0b4209efec1c1892d5ff24030b
COLLECT_GCC_OPTIONS='-v' '-o' 'CMakeFiles/cmTC_020a5.dir/CMakeCCompilerABI.c.o' '-c' '-mtune=generic' '-march=x86-64'
 as -v --64 -o CMakeFiles/cmTC_020a5.dir/CMakeCCompilerABI.c.o /tmp/ccKCJJGN.s
GNU assembler version 2.34 (x86_64-linux-gnu) using BFD version (GNU Binutils for Ubuntu) 2.34
COMPILER_PATH=/usr/lib/gcc/x86_64-linux-gnu/9/:/usr/lib/gcc/x86_64-linux-gnu/9/:/usr/lib/gcc/x86_64-linux-gnu/:/usr/lib/gcc/x86_64-linux-gnu/9/:/usr/lib/gcc/x86_64-linux-gnu/
LIBRARY_PATH=/usr/lib/gcc/x86_64-linux-gnu/9/:/usr/lib/gcc/x86_64-linux-gnu/9/../../../x86_64-linux-gnu/:/usr/lib/gcc/x86_64-linux-gnu/9/../../../../lib/:/lib/x86_64-linux-gnu/:/lib/../lib/:/usr/lib/x86_64-linux-gnu/:/usr/lib/../lib/:/usr/lib/gcc/x86_64-linux-gnu/9/../../../:/lib/:/usr/lib/
COLLECT_GCC_OPTIONS='-v' '-o' 'CMakeFiles/cmTC_020a5.dir/CMakeCCompilerABI.c.o' '-c' '-mtune=generic' '-march=x86-64'
Linking C executable cmTC_020a5
/usr/bin/cmake -E cmake_link_script CMakeFiles/cmTC_020a5.dir/link.txt --verbose=1
/usr/bin/cc     -v -rdynamic CMakeFiles/cmTC_020a5.dir/CMakeCCompilerABI.c.o  -o cmTC_020a5 
Using built-in specs.
COLLECT_GCC=/usr/bin/cc
COLLECT_LTO_WRAPPER=/usr/lib/gcc/x86_64-linux-gnu/9/lto-wrapper
OFFLOAD_TARGET_NAMES=nvptx-none:hsa
OFFLOAD_TARGET_DEFAULT=1
Target: x86_64-linux-gnu
Configured with: ../src/configure -v --with-pkgversion='Ubuntu 9.4.0-1ubuntu1~20.04.1' --with-bugurl=file:///usr/share/doc/gcc-9/README.Bugs --enable-languages=c,ada,c++,go,brig,d,fortran,objc,obj-c++,gm2 --prefix=/usr --with-gcc-major-version-only --program-suffix=-9 --program-prefix=x86_64-linux-gnu- --enable-shared --enable-linker-build-id --libexecdir=/usr/lib --without-included-gettext --enable-threads=posix --libdir=/usr/lib --enable-nls --enable-clocale=gnu --enable-libstdcxx-debug --enable-libstdcxx-time=yes --with-default-libstdcxx-abi=new --enable-gnu-unique-object --disable-vtable-verify --enable-plugin --enable-default-pie --with-system-zlib --with-target-system-zlib=auto --enable-objc-gc=auto --enable-multiarch --disable-werror --with-arch-32=i686 --with-abi=m64 --with-multilib-list=m32,m64,mx32 --enable-multilib --with-tune=generic --enable-offload-targets=nvptx-none=/build/gcc-9-Av3uEd/gcc-9-9.4.0/debian/tmp-nvptx/usr,hsa --without-cuda-driver --enable-checking=release --build=x86_64-linux-gnu --host=x86_64-linux-gnu --target=x86_64-linux-gnu
Thread model: posix
gcc version 9.4.0 (Ubuntu 9.4.0-1ubuntu1~20.04.1) 
COMPILER_PATH=/usr/lib/gcc/x86_64-linux-gnu/9/:/usr/lib/gcc/x86_64-linux-gnu/9/:/usr/lib/gcc/x86_64-linux-gnu/:/usr/lib/gcc/x86_64-linux-gnu/9/:/usr/lib/gcc/x86_64-linux-gnu/
LIBRARY_PATH=/usr/lib/gcc/x86_64-linux-gnu/9/:/usr/lib/gcc/x86_64-linux-gnu/9/../../../x86_64-linux-gnu/:/usr/lib/gcc/x86_64-linux-gnu/9/../../../../lib/:/lib/x86_64-linux-gnu/:/lib/../lib/:/usr/lib/x86_64-linux-gnu/:/usr/lib/../lib/:/usr/lib/gcc/x86_64-linux-gnu/9/../../../:/lib/:/usr/lib/
COLLECT_GCC_OPTIONS='-v' '-rdynamic' '-o' 'cmTC_020a5' '-mtune=generic' '-march=x86-64'
 /usr/lib/gcc/x86_64-linux-gnu/9/collect2 -plugin /usr/lib/gcc/x86_64-linux-gnu/9/liblto_plugin.so -plugin-opt=/usr/lib/gcc/x86_64-linux-gnu/9/lto-wrapper -plugin-opt=-fresolution=/tmp/ccaaagwK.res -plugin-opt=-pass-through=-lgcc -plugin-opt=-pass-through=-lgcc_s -plugin-opt=-pass-through=-lc -plugin-opt=-pass-through=-lgcc -plugin-opt=-pass-through=-lgcc_s --build-id --eh-frame-hdr -m elf_x86_64 --hash-style=gnu --as-needed -export-dynamic -dynamic-linker /lib64/ld-linux-x86-64.so.2 -pie -z now -z relro -o cmTC_020a5 /usr/lib/gcc/x86_64-linux-gnu/9/../../../x86_64-linux-gnu/Scrt1.o /usr/lib/gcc/x86_64-linux-gnu/9/../../../x86_64-linux-gnu/crti.o /usr/lib/gcc/x86_64-linux-gnu/9/crtbeginS.o -L/usr/lib/gcc/x86_64-linux-gnu/9 -L/usr/lib/gcc/x86_64-linux-gnu/9/../../../x86_64-linux-gnu -L/usr/lib/gcc/x86_64-linux-gnu/9/../../../../lib -L/lib/x86_64-linux-gnu -L/lib/../lib -L/usr/lib/x86_64-linux-gnu -L/usr/lib/../lib -L/usr/lib/gcc/x86_64-linux-gnu/9/../../.. CMakeFiles/cmTC_020a5.dir/CMakeCCompilerABI.c.o -lgcc --push-state --as-needed -lgcc_s --pop-state -lc -lgcc --push-state --as-needed -lgcc_s --pop-state /usr/lib/gcc/x86_64-linux-gnu/9/crtendS.o /usr/lib/gcc/x86_64-linux-gnu/9/../../../x86_64-linux-gnu/crtn.o
COLLECT_GCC_OPTIONS='-v' '-rdynamic' '-o' 'cmTC_020a5' '-mtune=generic' '-march=x86-64'
make[1]: Leaving directory '/home/ashfamt/programming/catkin_ws/build/CMakeFiles/CMakeTmp'



Parsed C implicit include dir info from above output: rv=done
  found start of include info
  found start of implicit include info
    add: [/usr/lib/gcc/x86_64-linux-gnu/9/include]
    add: [/usr/local/include]
    add: [/usr/include/x86_64-linux-gnu]
    add: [/usr/include]
  end of search list found
  collapse include dir [/usr/lib/gcc/x86_64-linux-gnu/9/include] ==> [/usr/lib/gcc/x86_64-linux-gnu/9/include]
  collapse include dir [/usr/local/include] ==> [/usr/local/include]
  collapse include dir [/usr/include/x86_64-linux-gnu] ==> [/usr/include/x86_64-linux-gnu]
  collapse include dir [/usr/include] ==> [/usr/include]
  implicit include dirs: [/usr/lib/gcc/x86_64-linux-gnu/9/include;/usr/local/include;/usr/include/x86_64-linux-gnu;/usr/include]


Parsed C implicit link information from above output:
  link line regex: [^( *|.*[/\])(ld|CMAKE_LINK_STARTFILE-NOTFOUND|([^/\]+-)?ld|collect2)[^/\]*( |$)]
  ignore line: [Change Dir: /home/ashfamt/programming/catkin_ws/build/CMakeFiles/CMakeTmp]
  ignore line: []
  ignore line: [Run Build Command(s):/usr/bin/make cmTC_020a5/fast && /usr/bin/make -f CMakeFiles/cmTC_020a5.dir/build.make CMakeFiles/cmTC_020a5.dir/build]
  ignore line: [make[1]: Entering directory '/home/ashfamt/programming/catkin_ws/build/CMakeFiles/CMakeTmp']
  ignore line: [Building C object CMakeFiles/cmTC_020a5.dir/CMakeCCompilerABI.c.o]
  ignore line: [/usr/bin/cc   -v -o CMakeFiles/cmTC_020a5.dir/CMakeCCompilerABI.c.o   -c /usr/share/cmake-3.16/Modules/CMakeCCompilerABI.c]
  ignore line: [Using built-in specs.]
  ignore line: [COLLECT_GCC=/usr/bin/cc]
  ignore line: [OFFLOAD_TARGET_NAMES=nvptx-none:hsa]
  ignore line: [OFFLOAD_TARGET_DEFAULT=1]
  ignore line: [Target: x86_64-linux-gnu]
  ignore line: [Configured with: ../src/configure -v --with-pkgversion='Ubuntu 9.4.0-1ubuntu1~20.04.1' --with-bugurl=file:///usr/share/doc/gcc-9/README.Bugs --enable-languages=c ada c++ go brig d fortran objc obj-c++ gm2 --prefix=/usr --with-gcc-major-version-only --program-suffix=-9 --program-prefix=x86_64-linux-gnu- --enable-shared --enable-linker-build-id --libexecdir=/usr/lib --without-included-gettext --enable-threads=posix --libdir=/usr/lib --enable-nls --enable-clocale=gnu --enable-libstdcxx-debug --enable-libstdcxx-time=yes --with-default-libstdcxx-abi=new --enable-gnu-unique-object --disable-vtable-verify --enable-plugin --enable-default-pie --with-system-zlib --with-target-system-zlib=auto --enable-objc-gc=auto --enable-multiarch --disable-werror --with-arch-32=i686 --with-abi=m64 --with-multilib-list=m32 m64 mx32 --enable-multilib --with-tune=generic --enable-offload-targets=nvptx-none=/build/gcc-9-Av3uEd/gcc-9-9.4.0/debian/tmp-nvptx/usr hsa --without-cuda-driver --enable-checking=release --build=x86_64-linux-gnu --host=x86_64-linux-gnu --target=x86_64-linux-gnu]
  ignore line: [Thread model: posix]
  ignore line: [gcc version 9.4.0 (Ubuntu 9.4.0-1ubuntu1~20.04.1) ]
  ignore line: [COLLECT_GCC_OPTIONS='-v' '-o' 'CMakeFiles/cmTC_020a5.dir/CMakeCCompilerABI.c.o' '-c' '-mtune=generic' '-march=x86-64']
  ignore line: [ /usr/lib/gcc/x86_64-linux-gnu/9/cc1 -quiet -v -imultiarch x86_64-linux-gnu /usr/share/cmake-3.16/Modules/CMakeCCompilerABI.c -quiet -dumpbase CMakeCCompilerABI.c -mtune=generic -march=x86-64 -auxbase-strip CMakeFiles/cmTC_020a5.dir/CMakeCCompilerABI.c.o -version -fasynchronous-unwind-tables -fstack-protector-strong -Wformat -Wformat-security -fstack-clash-protection -fcf-protection -o /tmp/ccKCJJGN.s]
  ignore line: [GNU C17 (Ubuntu 9.4.0-1ubuntu1~20.04.1) version 9.4.0 (x86_64-linux-gnu)]
  ignore line: [	compiled by GNU C version 9.4.0  GMP version 6.2.0  MPFR version 4.0.2  MPC version 1.1.0  isl version isl-0.22.1-GMP]
  ignore line: []
  ignore line: [GGC heuristics: --param ggc-min-expand=100 --param ggc-min-heapsize=131072]
  ignore line: [ignoring nonexistent directory "/usr/local/include/x86_64-linux-gnu"]
  ignore line: [ignoring nonexistent directory "/usr/lib/gcc/x86_64-linux-gnu/9/include-fixed"]
  ignore line: [ignoring nonexistent directory "/usr/lib/gcc/x86_64-linux-gnu/9/../../../../x86_64-linux-gnu/include"]
  ignore line: [#include "..." search starts here:]
  ignore line: [#include <...> search starts here:]
  ignore line: [ /usr/lib/gcc/x86_64-linux-gnu/9/include]
  ignore line: [ /usr/local/include]
  ignore line: [ /usr/include/x86_64-linux-gnu]
  ignore line: [ /usr/include]
  ignore line: [End of search list.]
  ignore line: [GNU C17 (Ubuntu 9.4.0-1ubuntu1~20.04.1) version 9.4.0 (x86_64-linux-gnu)]
  ignore line: [	compiled by GNU C version 9.4.0  GMP version 6.2.0  MPFR version 4.0.2  MPC version 1.1.0  isl version isl-0.22.1-GMP]
  ignore line: []
  ignore line: [GGC heuristics: --param ggc-min-expand=100 --param ggc-min-heapsize=131072]
  ignore line: [Compiler executable checksum: c0c95c0b4209efec1c1892d5ff24030b]
  ignore line: [COLLECT_GCC_OPTIONS='-v' '-o' 'CMakeFiles/cmTC_020a5.dir/CMakeCCompilerABI.c.o' '-c' '-mtune=generic' '-march=x86-64']
  ignore line: [ as -v --64 -o CMakeFiles/cmTC_020a5.dir/CMakeCCompilerABI.c.o /tmp/ccKCJJGN.s]
  ignore line: [GNU assembler version 2.34 (x86_64-linux-gnu) using BFD version (GNU Binutils for Ubuntu) 2.34]
  ignore line: [COMPILER_PATH=/usr/lib/gcc/x86_64-linux-gnu/9/:/usr/lib/gcc/x86_64-linux-gnu/9/:/usr/lib/gcc/x86_64-linux-gnu/:/usr/lib/gcc/x86_64-linux-gnu/9/:/usr/lib/gcc/x86_64-linux-gnu/]
  ignore line: [LIBRARY_PATH=/usr/lib/gcc/x86_64-linux-gnu/9/:/usr/lib/gcc/x86_64-linux-gnu/9/../../../x86_64-linux-gnu/:/usr/lib/gcc/x86_64-linux-gnu/9/../../../../lib/:/lib/x86_64-linux-gnu/:/lib/../lib/:/usr/lib/x86_64-linux-gnu/:/usr/lib/../lib/:/usr/lib/gcc/x86_64-linux-gnu/9/../../../:/lib/:/usr/lib/]
  ignore line: [COLLECT_GCC_OPTIONS='-v' '-o' 'CMakeFiles/cmTC_020a5.dir/CMakeCCompilerABI.c.o' '-c' '-mtune=generic' '-march=x86-64']
  ignore line: [Linking C executable cmTC_020a5]
  ignore line: [/usr/bin/cmake -E cmake_link_script CMakeFiles/cmTC_020a5.dir/link.txt --verbose=1]
  ignore line: [/usr/bin/cc     -v -rdynamic CMakeFiles/cmTC_020a5.dir/CMakeCCompilerABI.c.o  -o cmTC_020a5 ]
  ignore line: [Using built-in specs.]
  ignore line: [COLLECT_GCC=/usr/bin/cc]
  ignore line: [COLLECT_LTO_WRAPPER=/usr/lib/gcc/x86_64-linux-gnu/9/lto-wrapper]
  ignore line: [OFFLOAD_TARGET_NAMES=nvptx-none:hsa]
  ignore line: [OFFLOAD_TARGET_DEFAULT=1]
  ignore line: [Target: x86_64-linux-gnu]
  ignore line: [Configured with: ../src/configure -v --with-pkgversion='Ubuntu 9.4.0-1ubuntu1~20.04.1' --with-bugurl=file:///usr/share/doc/gcc-9/README.Bugs --enable-languages=c ada c++ go brig d fortran objc obj-c++ gm2 --prefix=/usr --with-gcc-major-version-only --program-suffix=-9 --program-prefix=x86_64-linux-gnu- --enable-shared --enable-linker-build-id --libexecdir=/usr/lib --without-included-gettext --enable-threads=posix --libdir=/usr/lib --enable-nls --enable-clocale=gnu --enable-libstdcxx-debug --enable-libstdcxx-time=yes --with-default-libstdcxx-abi=new --enable-gnu-unique-object --disable-vtable-verify --enable-plugin --enable-default-pie --with-system-zlib --with-target-system-zlib=auto --enable-objc-gc=auto --enable-multiarch --disable-werror --with-arch-32=i686 --with-abi=m64 --with-multilib-list=m32 m64 mx32 --enable-multilib --with-tune=generic --enable-offload-targets=nvptx-none=/build/gcc-9-Av3uEd/gcc-9-9.4.0/debian/tmp-nvptx/usr hsa --without-cuda-driver --enable-checking=release --build=x86_64-linux-gnu --host=x86_64-linux-gnu --target=x86_64-linux-gnu]
  ignore line: [Thread model: posix]
  ignore line: [gcc version 9.4.0 (Ubuntu 9.4.0-1ubuntu1~20.04.1) ]
  ignore line: [COMPILER_PATH=/usr/lib/gcc/x86_64-linux-gnu/9/:/usr/lib/gcc/x86_64-linux-gnu/9/:/usr/lib/gcc/x86_64-linux-gnu/:/usr/lib/gcc/x86_64-linux-gnu/9/:/usr/lib/gcc/x86_64-linux-gnu/]
  ignore line: [LIBRARY_PATH=/usr/lib/gcc/x86_64-linux-gnu/9/:/usr/lib/gcc/x86_64-linux-gnu/9/../../../x86_64-linux-gnu/:/usr/lib/gcc/x86_64-linux-gnu/9/../../../../lib/:/lib/x86_64-linux-gnu/:/lib/../lib/:/usr/lib/x86_64-linux-gnu/:/usr/lib/../lib/:/usr/lib/gcc/x86_64-linux-gnu/9/../../../:/lib/:/usr/lib/]
  ignore line: [COLLECT_GCC_OPTIONS='-v' '-rdynamic' '-o' 'cmTC_020a5' '-mtune=generic' '-march=x86-64']
  link line: [ /usr/lib/gcc/x86_64-linux-gnu/9/collect2 -plugin /usr/lib/gcc/x86_64-linux-gnu/9/liblto_plugin.so -plugin-opt=/usr/lib/gcc/x86_64-linux-gnu/9/lto-wrapper -plugin-opt=-fresolution=/tmp/ccaaagwK.res -plugin-opt=-pass-through=-lgcc -plugin-opt=-pass-through=-lgcc_s -plugin-opt=-pass-through=-lc -plugin-opt=-pass-through=-lgcc -plugin-opt=-pass-through=-lgcc_s --build-id --eh-frame-hdr -m elf_x86_64 --hash-style=gnu --as-needed -export-dynamic -dynamic-linker /lib64/ld-linux-x86-64.so.2 -pie -z now -z relro -o cmTC_020a5 /usr/lib/gcc/x86_64-linux-gnu/9/../../../x86_64-linux-gnu/Scrt1.o /usr/lib/gcc/x86_64-linux-gnu/9/../../../x86_64-linux-gnu/crti.o /usr/lib/gcc/x86_64-linux-gnu/9/crtbeginS.o -L/usr/lib/gcc/x86_64-linux-gnu/9 -L/usr/lib/gcc/x86_64-linux-gnu/9/../../../x86_64-linux-gnu -L/usr/lib/gcc/x86_64-linux-gnu/9/../../../../lib -L/lib/x86_64-linux-gnu -L/lib/../lib -L/usr/lib/x86_64-linux-gnu -L/usr/lib/../lib -L/usr/lib/gcc/x86_64-linux-gnu/9/../../.. CMakeFiles/cmTC_020a5.dir/CMakeCCompilerABI.c.o -lgcc --push-state --as-needed -lgcc_s --pop-state -lc -lgcc --push-state --as-needed -lgcc_s --pop-state /usr/lib/gcc/x86_64-linux-gnu/9/crtendS.o /usr/lib/gcc/x86_64-linux-gnu/9/../../../x86_64-linux-gnu/crtn.o]
    arg [/usr/lib/gcc/x86_64-linux-gnu/9/collect2] ==> ignore
    arg [-plugin] ==> ignore
    arg [/usr/lib/gcc/x86_64-linux-gnu/9/liblto_plugin.so] ==> ignore
    arg [-plugin-opt=/usr/lib/gcc/x86_64-linux-gnu/9/lto-wrapper] ==> ignore
    arg [-plugin-opt=-fresolution=/tmp/ccaaagwK.res] ==> ignore
    arg [-plugin-opt=-pass-through=-lgcc] ==> ignore
    arg [-plugin-opt=-pass-through=-lgcc_s] ==> ignore
    arg [-plugin-opt=-pass-through=-lc] ==> ignore
    arg [-plugin-opt=-pass-through=-lgcc] ==> ignore
    arg [-plugin-opt=-pass-through=-lgcc_s] ==> ignore
    arg [--build-id] ==> ignore
    arg [--eh-frame-hdr] ==> ignore
    arg [-m] ==> ignore
    arg [elf_x86_64] ==> ignore
    arg [--hash-style=gnu] ==> ignore
    arg [--as-needed] ==> ignore
    arg [-export-dynamic] ==> ignore
    arg [-dynamic-linker] ==> ignore
    arg [/lib64/ld-linux-x86-64.so.2] ==> ignore
    arg [-pie] ==> ignore
    arg [-znow] ==> ignore
    arg [-zrelro] ==> ignore
    arg [-o] ==> ignore
    arg [cmTC_020a5] ==> ignore
    arg [/usr/lib/gcc/x86_64-linux-gnu/9/../../../x86_64-linux-gnu/Scrt1.o] ==> ignore
    arg [/usr/lib/gcc/x86_64-linux-gnu/9/../../../x86_64-linux-gnu/crti.o] ==> ignore
    arg [/usr/lib/gcc/x86_64-linux-gnu/9/crtbeginS.o] ==> ignore
    arg [-L/usr/lib/gcc/x86_64-linux-gnu/9] ==> dir [/usr/lib/gcc/x86_64-linux-gnu/9]
    arg [-L/usr/lib/gcc/x86_64-linux-gnu/9/../../../x86_64-linux-gnu] ==> dir [/usr/lib/gcc/x86_64-linux-gnu/9/../../../x86_64-linux-gnu]
    arg [-L/usr/lib/gcc/x86_64-linux-gnu/9/../../../../lib] ==> dir [/usr/lib/gcc/x86_64-linux-gnu/9/../../../../lib]
    arg [-L/lib/x86_64-linux-gnu] ==> dir [/lib/x86_64-linux-gnu]
    arg [-L/lib/../lib] ==> dir [/lib/../lib]
    arg [-L/usr/lib/x86_64-linux-gnu] ==> dir [/usr/lib/x86_64-linux-gnu]
    arg [-L/usr/lib/../lib] ==> dir [/usr/lib/../lib]
    arg [-L/usr/lib/gcc/x86_64-linux-gnu/9/../../..] ==> dir [/usr/lib/gcc/x86_64-linux-gnu/9/../../..]
    arg [CMakeFiles/cmTC_020a5.dir/CMakeCCompilerABI.c.o] ==> ignore
    arg [-lgcc] ==> lib [gcc]
    arg [--push-state] ==> ignore
    arg [--as-needed] ==> ignore
    arg [-lgcc_s] ==> lib [gcc_s]
    arg [--pop-state] ==> ignore
    arg [-lc] ==> lib [c]
    arg [-lgcc] ==> lib [gcc]
    arg [--push-state] ==> ignore
    arg [--as-needed] ==> ignore
    arg [-lgcc_s] ==> lib [gcc_s]
    arg [--pop-state] ==> ignore
    arg [/usr/lib/gcc/x86_64-linux-gnu/9/crtendS.o] ==> ignore
    arg [/usr/lib/gcc/x86_64-linux-gnu/9/../../../x86_64-linux-gnu/crtn.o] ==> ignore
  collapse library dir [/usr/lib/gcc/x86_64-linux-gnu/9] ==> [/usr/lib/gcc/x86_64-linux-gnu/9]
  collapse library dir [/usr/lib/gcc/x86_64-linux-gnu/9/../../../x86_64-linux-gnu] ==> [/usr/lib/x86_64-linux-gnu]
  collapse library dir [/usr/lib/gcc/x86_64-linux-gnu/9/../../../../lib] ==> [/usr/lib]
  collapse library dir [/lib/x86_64-linux-gnu] ==> [/lib/x86_64-linux-gnu]
  collapse library dir [/lib/../lib] ==> [/lib]
  collapse library dir [/usr/lib/x86_64-linux-gnu] ==> [/usr/lib/x86_64-linux-gnu]
  collapse library dir [/usr/lib/../lib] ==> [/usr/lib]
  collapse library dir [/usr/lib/gcc/x86_64-linux-gnu/9/../../..] ==> [/usr/lib]
  implicit libs: [gcc;gcc_s;c;gcc;gcc_s]
  implicit dirs: [/usr/lib/gcc/x86_64-linux-gnu/9;/usr/lib/x86_64-linux-gnu;/usr/lib;/lib/x86_64-linux-gnu;/lib]
  implicit fwks: []


Determining if the CXX compiler works passed with the following output:
Change Dir: /home/ashfamt/programming/catkin_ws/build/CMakeFiles/CMakeTmp

Run Build Command(s):/usr/bin/make cmTC_be4cd/fast && /usr/bin/make -f CMakeFiles/cmTC_be4cd.dir/build.make CMakeFiles/cmTC_be4cd.dir/build
make[1]: Entering directory '/home/ashfamt/programming/catkin_ws/build/CMakeFiles/CMakeTmp'
Building CXX object CMakeFiles/cmTC_be4cd.dir/testCXXCompiler.cxx.o
/usr/bin/c++     -o CMakeFiles/cmTC_be4cd.dir/testCXXCompiler.cxx.o -c /home/ashfamt/programming/catkin_ws/build/CMakeFiles/CMakeTmp/testCXXCompiler.cxx
Linking CXX executable cmTC_be4cd
/usr/bin/cmake -E cmake_link_script CMakeFiles/cmTC_be4cd.dir/link.txt --verbose=1
/usr/bin/c++       -rdynamic CMakeFiles/cmTC_be4cd.dir/testCXXCompiler.cxx.o  -o cmTC_be4cd 
make[1]: Leaving directory '/home/ashfamt/programming/catkin_ws/build/CMakeFiles/CMakeTmp'



Detecting CXX compiler ABI info compiled with the following output:
Change Dir: /home/ashfamt/programming/catkin_ws/build/CMakeFiles/CMakeTmp

Run Build Command(s):/usr/bin/make cmTC_cbf2c/fast && /usr/bin/make -f CMakeFiles/cmTC_cbf2c.dir/build.make CMakeFiles/cmTC_cbf2c.dir/build
make[1]: Entering directory '/home/ashfamt/programming/catkin_ws/build/CMakeFiles/CMakeTmp'
Building CXX object CMakeFiles/cmTC_cbf2c.dir/CMakeCXXCompilerABI.cpp.o
/usr/bin/c++    -v -o CMakeFiles/cmTC_cbf2c.dir/CMakeCXXCompilerABI.cpp.o -c /usr/share/cmake-3.16/Modules/CMakeCXXCompilerABI.cpp
Using built-in specs.
COLLECT_GCC=/usr/bin/c++
OFFLOAD_TARGET_NAMES=nvptx-none:hsa
OFFLOAD_TARGET_DEFAULT=1
Target: x86_64-linux-gnu
Configured with: ../src/configure -v --with-pkgversion='Ubuntu 9.4.0-1ubuntu1~20.04.1' --with-bugurl=file:///usr/share/doc/gcc-9/README.Bugs --enable-languages=c,ada,c++,go,brig,d,fortran,objc,obj-c++,gm2 --prefix=/usr --with-gcc-major-version-only --program-suffix=-9 --program-prefix=x86_64-linux-gnu- --enable-shared --enable-linker-build-id --libexecdir=/usr/lib --without-included-gettext --enable-threads=posix --libdir=/usr/lib --enable-nls --enable-clocale=gnu --enable-libstdcxx-debug --enable-libstdcxx-time=yes --with-default-libstdcxx-abi=new --enable-gnu-unique-object --disable-vtable-verify --enable-plugin --enable-default-pie --with-system-zlib --with-target-system-zlib=auto --enable-objc-gc=auto --enable-multiarch --disable-werror --with-arch-32=i686 --with-abi=m64 --with-multilib-list=m32,m64,mx32 --enable-multilib --with-tune=generic --enable-offload-targets=nvptx-none=/build/gcc-9-Av3uEd/gcc-9-9.4.0/debian/tmp-nvptx/usr,hsa --without-cuda-driver --enable-checking=release --build=x86_64-linux-gnu --host=x86_64-linux-gnu --target=x86_64-linux-gnu
Thread model: posix
gcc version 9.4.0 (Ubuntu 9.4.0-1ubuntu1~20.04.1) 
COLLECT_GCC_OPTIONS='-v' '-o' 'CMakeFiles/cmTC_cbf2c.dir/CMakeCXXCompilerABI.cpp.o' '-c' '-shared-libgcc' '-mtune=generic' '-march=x86-64'
 /usr/lib/gcc/x86_64-linux-gnu/9/cc1plus -quiet -v -imultiarch x86_64-linux-gnu -D_GNU_SOURCE /usr/share/cmake-3.16/Modules/CMakeCXXCompilerABI.cpp -quiet -dumpbase CMakeCXXCompilerABI.cpp -mtune=generic -march=x86-64 -auxbase-strip CMakeFiles/cmTC_cbf2c.dir/CMakeCXXCompilerABI.cpp.o -version -fasynchronous-unwind-tables -fstack-protector-strong -Wformat -Wformat-security -fstack-clash-protection -fcf-protection -o /tmp/ccdNGLB3.s
GNU C++14 (Ubuntu 9.4.0-1ubuntu1~20.04.1) version 9.4.0 (x86_64-linux-gnu)
	compiled by GNU C version 9.4.0, GMP version 6.2.0, MPFR version 4.0.2, MPC version 1.1.0, isl version isl-0.22.1-GMP

GGC heuristics: --param ggc-min-expand=100 --param ggc-min-heapsize=131072
ignoring duplicate directory "/usr/include/x86_64-linux-gnu/c++/9"
ignoring nonexistent directory "/usr/local/include/x86_64-linux-gnu"
ignoring nonexistent directory "/usr/lib/gcc/x86_64-linux-gnu/9/include-fixed"
ignoring nonexistent directory "/usr/lib/gcc/x86_64-linux-gnu/9/../../../../x86_64-linux-gnu/include"
#include "..." search starts here:
#include <...> search starts here:
 /usr/include/c++/9
 /usr/include/x86_64-linux-gnu/c++/9
 /usr/include/c++/9/backward
 /usr/lib/gcc/x86_64-linux-gnu/9/include
 /usr/local/include
 /usr/include/x86_64-linux-gnu
 /usr/include
End of search list.
GNU C++14 (Ubuntu 9.4.0-1ubuntu1~20.04.1) version 9.4.0 (x86_64-linux-gnu)
	compiled by GNU C version 9.4.0, GMP version 6.2.0, MPFR version 4.0.2, MPC version 1.1.0, isl version isl-0.22.1-GMP

GGC heuristics: --param ggc-min-expand=100 --param ggc-min-heapsize=131072
Compiler executable checksum: 65fe925b83d3956b533de4aaba7dace0
COLLECT_GCC_OPTIONS='-v' '-o' 'CMakeFiles/cmTC_cbf2c.dir/CMakeCXXCompilerABI.cpp.o' '-c' '-shared-libgcc' '-mtune=generic' '-march=x86-64'
 as -v --64 -o CMakeFiles/cmTC_cbf2c.dir/CMakeCXXCompilerABI.cpp.o /tmp/ccdNGLB3.s
GNU assembler version 2.34 (x86_64-linux-gnu) using BFD version (GNU Binutils for Ubuntu) 2.34
COMPILER_PATH=/usr/lib/gcc/x86_64-linux-gnu/9/:/usr/lib/gcc/x86_64-linux-gnu/9/:/usr/lib/gcc/x86_64-linux-gnu/:/usr/lib/gcc/x86_64-linux-gnu/9/:/usr/lib/gcc/x86_64-linux-gnu/
LIBRARY_PATH=/usr/lib/gcc/x86_64-linux-gnu/9/:/usr/lib/gcc/x86_64-linux-gnu/9/../../../x86_64-linux-gnu/:/usr/lib/gcc/x86_64-linux-gnu/9/../../../../lib/:/lib/x86_64-linux-gnu/:/lib/../lib/:/usr/lib/x86_64-linux-gnu/:/usr/lib/../lib/:/usr/lib/gcc/x86_64-linux-gnu/9/../../../:/lib/:/usr/lib/
COLLECT_GCC_OPTIONS='-v' '-o' 'CMakeFiles/cmTC_cbf2c.dir/CMakeCXXCompilerABI.cpp.o' '-c' '-shared-libgcc' '-mtune=generic' '-march=x86-64'
Linking CXX executable cmTC_cbf2c
/usr/bin/cmake -E cmake_link_script CMakeFiles/cmTC_cbf2c.dir/link.txt --verbose=1
/usr/bin/c++      -v -rdynamic CMakeFiles/cmTC_cbf2c.dir/CMakeCXXCompilerABI.cpp.o  -o cmTC_cbf2c 
Using built-in specs.
COLLECT_GCC=/usr/bin/c++
COLLECT_LTO_WRAPPER=/usr/lib/gcc/x86_64-linux-gnu/9/lto-wrapper
OFFLOAD_TARGET_NAMES=nvptx-none:hsa
OFFLOAD_TARGET_DEFAULT=1
Target: x86_64-linux-gnu
Configured with: ../src/configure -v --with-pkgversion='Ubuntu 9.4.0-1ubuntu1~20.04.1' --with-bugurl=file:///usr/share/doc/gcc-9/README.Bugs --enable-languages=c,ada,c++,go,brig,d,fortran,objc,obj-c++,gm2 --prefix=/usr --with-gcc-major-version-only --program-suffix=-9 --program-prefix=x86_64-linux-gnu- --enable-shared --enable-linker-build-id --libexecdir=/usr/lib --without-included-gettext --enable-threads=posix --libdir=/usr/lib --enable-nls --enable-clocale=gnu --enable-libstdcxx-debug --enable-libstdcxx-time=yes --with-default-libstdcxx-abi=new --enable-gnu-unique-object --disable-vtable-verify --enable-plugin --enable-default-pie --with-system-zlib --with-target-system-zlib=auto --enable-objc-gc=auto --enable-multiarch --disable-werror --with-arch-32=i686 --with-abi=m64 --with-multilib-list=m32,m64,mx32 --enable-multilib --with-tune=generic --enable-offload-targets=nvptx-none=/build/gcc-9-Av3uEd/gcc-9-9.4.0/debian/tmp-nvptx/usr,hsa --without-cuda-driver --enable-checking=release --build=x86_64-linux-gnu --host=x86_64-linux-gnu --target=x86_64-linux-gnu
Thread model: posix
gcc version 9.4.0 (Ubuntu 9.4.0-1ubuntu1~20.04.1) 
COMPILER_PATH=/usr/lib/gcc/x86_64-linux-gnu/9/:/usr/lib/gcc/x86_64-linux-gnu/9/:/usr/lib/gcc/x86_64-linux-gnu/:/usr/lib/gcc/x86_64-linux-gnu/9/:/usr/lib/gcc/x86_64-linux-gnu/
LIBRARY_PATH=/usr/lib/gcc/x86_64-linux-gnu/9/:/usr/lib/gcc/x86_64-linux-gnu/9/../../../x86_64-linux-gnu/:/usr/lib/gcc/x86_64-linux-gnu/9/../../../../lib/:/lib/x86_64-linux-gnu/:/lib/../lib/:/usr/lib/x86_64-linux-gnu/:/usr/lib/../lib/:/usr/lib/gcc/x86_64-linux-gnu/9/../../../:/lib/:/usr/lib/
COLLECT_GCC_OPTIONS='-v' '-rdynamic' '-o' 'cmTC_cbf2c' '-shared-libgcc' '-mtune=generic' '-march=x86-64'
 /usr/lib/gcc/x86_64-linux-gnu/9/collect2 -plugin /usr/lib/gcc/x86_64-linux-gnu/9/liblto_plugin.so -plugin-opt=/usr/lib/gcc/x86_64-linux-gnu/9/lto-wrapper -plugin-opt=-fresolution=/tmp/cciNqj8t.res -plugin-opt=-pass-through=-lgcc_s -plugin-opt=-pass-through=-lgcc -plugin-opt=-pass-through=-lc -plugin-opt=-pass-through=-lgcc_s -plugin-opt=-pass-through=-lgcc --build-id --eh-frame-hdr -m elf_x86_64 --hash-style=gnu --as-needed -export-dynamic -dynamic-linker /lib64/ld-linux-x86-64.so.2 -pie -z now -z relro -o cmTC_cbf2c /usr/lib/gcc/x86_64-linux-gnu/9/../../../x86_64-linux-gnu/Scrt1.o /usr/lib/gcc/x86_64-linux-gnu/9/../../../x86_64-linux-gnu/crti.o /usr/lib/gcc/x86_64-linux-gnu/9/crtbeginS.o -L/usr/lib/gcc/x86_64-linux-gnu/9 -L/usr/lib/gcc/x86_64-linux-gnu/9/../../../x86_64-linux-gnu -L/usr/lib/gcc/x86_64-linux-gnu/9/../../../../lib -L/lib/x86_64-linux-gnu -L/lib/../lib -L/usr/lib/x86_64-linux-gnu -L/usr/lib/../lib -L/usr/lib/gcc/x86_64-linux-gnu/9/../../.. CMakeFiles/cmTC_cbf2c.dir/CMakeCXXCompilerABI.cpp.o -lstdc++ -lm -lgcc_s -lgcc -lc -lgcc_s -lgcc /usr/lib/gcc/x86_64-linux-gnu/9/crtendS.o /usr/lib/gcc/x86_64-linux-gnu/9/../../../x86_64-linux-gnu/crtn.o
COLLECT_GCC_OPTIONS='-v' '-rdynamic' '-o' 'cmTC_cbf2c' '-shared-libgcc' '-mtune=generic' '-march=x86-64'
make[1]: Leaving directory '/home/ashfamt/programming/catkin_ws/build/CMakeFiles/CMakeTmp'



Parsed CXX implicit include dir info from above output: rv=done
  found start of include info
  found start of implicit include info
    add: [/usr/include/c++/9]
    add: [/usr/include/x86_64-linux-gnu/c++/9]
    add: [/usr/include/c++/9/backward]
    add: [/usr/lib/gcc/x86_64-linux-gnu/9/include]
    add: [/usr/local/include]
    add: [/usr/include/x86_64-linux-gnu]
    add: [/usr/include]
  end of search list found
  collapse include dir [/usr/include/c++/9] ==> [/usr/include/c++/9]
  collapse include dir [/usr/include/x86_64-linux-gnu/c++/9] ==> [/usr/include/x86_64-linux-gnu/c++/9]
  collapse include dir [/usr/include/c++/9/backward] ==> [/usr/include/c++/9/backward]
  collapse include dir [/usr/lib/gcc/x86_64-linux-gnu/9/include] ==> [/usr/lib/gcc/x86_64-linux-gnu/9/include]
  collapse include dir [/usr/local/include] ==> [/usr/local/include]
  collapse include dir [/usr/include/x86_64-linux-gnu] ==> [/usr/include/x86_64-linux-gnu]
  collapse include dir [/usr/include] ==> [/usr/include]
  implicit include dirs: [/usr/include/c++/9;/usr/include/x86_64-linux-gnu/c++/9;/usr/include/c++/9/backward;/usr/lib/gcc/x86_64-linux-gnu/9/include;/usr/local/include;/usr/include/x86_64-linux-gnu;/usr/include]


Parsed CXX implicit link information from above output:
  link line regex: [^( *|.*[/\])(ld|CMAKE_LINK_STARTFILE-NOTFOUND|([^/\]+-)?ld|collect2)[^/\]*( |$)]
  ignore line: [Change Dir: /home/ashfamt/programming/catkin_ws/build/CMakeFiles/CMakeTmp]
  ignore line: []
  ignore line: [Run Build Command(s):/usr/bin/make cmTC_cbf2c/fast && /usr/bin/make -f CMakeFiles/cmTC_cbf2c.dir/build.make CMakeFiles/cmTC_cbf2c.dir/build]
  ignore line: [make[1]: Entering directory '/home/ashfamt/programming/catkin_ws/build/CMakeFiles/CMakeTmp']
  ignore line: [Building CXX object CMakeFiles/cmTC_cbf2c.dir/CMakeCXXCompilerABI.cpp.o]
  ignore line: [/usr/bin/c++    -v -o CMakeFiles/cmTC_cbf2c.dir/CMakeCXXCompilerABI.cpp.o -c /usr/share/cmake-3.16/Modules/CMakeCXXCompilerABI.cpp]
  ignore line: [Using built-in specs.]
  ignore line: [COLLECT_GCC=/usr/bin/c++]
  ignore line: [OFFLOAD_TARGET_NAMES=nvptx-none:hsa]
  ignore line: [OFFLOAD_TARGET_DEFAULT=1]
  ignore line: [Target: x86_64-linux-gnu]
  ignore line: [Configured with: ../src/configure -v --with-pkgversion='Ubuntu 9.4.0-1ubuntu1~20.04.1' --with-bugurl=file:///usr/share/doc/gcc-9/README.Bugs --enable-languages=c ada c++ go brig d fortran objc obj-c++ gm2 --prefix=/usr --with-gcc-major-version-only --program-suffix=-9 --program-prefix=x86_64-linux-gnu- --enable-shared --enable-linker-build-id --libexecdir=/usr/lib --without-included-gettext --enable-threads=posix --libdir=/usr/lib --enable-nls --enable-clocale=gnu --enable-libstdcxx-debug --enable-libstdcxx-time=yes --with-default-libstdcxx-abi=new --enable-gnu-unique-object --disable-vtable-verify --enable-plugin --enable-default-pie --with-system-zlib --with-target-system-zlib=auto --enable-objc-gc=auto --enable-multiarch --disable-werror --with-arch-32=i686 --with-abi=m64 --with-multilib-list=m32 m64 mx32 --enable-multilib --with-tune=generic --enable-offload-targets=nvptx-none=/build/gcc-9-Av3uEd/gcc-9-9.4.0/debian/tmp-nvptx/usr hsa --without-cuda-driver --enable-checking=release --build=x86_64-linux-gnu --host=x86_64-linux-gnu --target=x86_64-linux-gnu]
  ignore line: [Thread model: posix]
  ignore line: [gcc version 9.4.0 (Ubuntu 9.4.0-1ubuntu1~20.04.1) ]
  ignore line: [COLLECT_GCC_OPTIONS='-v' '-o' 'CMakeFiles/cmTC_cbf2c.dir/CMakeCXXCompilerABI.cpp.o' '-c' '-shared-libgcc' '-mtune=generic' '-march=x86-64']
  ignore line: [ /usr/lib/gcc/x86_64-linux-gnu/9/cc1plus -quiet -v -imultiarch x86_64-linux-gnu -D_GNU_SOURCE /usr/share/cmake-3.16/Modules/CMakeCXXCompilerABI.cpp -quiet -dumpbase CMakeCXXCompilerABI.cpp -mtune=generic -march=x86-64 -auxbase-strip CMakeFiles/cmTC_cbf2c.dir/CMakeCXXCompilerABI.cpp.o -version -fasynchronous-unwind-tables -fstack-protector-strong -Wformat -Wformat-security -fstack-clash-protection -fcf-protection -o /tmp/ccdNGLB3.s]
  ignore line: [GNU C++14 (Ubuntu 9.4.0-1ubuntu1~20.04.1) version 9.4.0 (x86_64-linux-gnu)]
  ignore line: [	compiled by GNU C version 9.4.0  GMP version 6.2.0  MPFR version 4.0.2  MPC version 1.1.0  isl version isl-0.22.1-GMP]
  ignore line: []
  ignore line: [GGC heuristics: --param ggc-min-expand=100 --param ggc-min-heapsize=131072]
  ignore line: [ignoring duplicate directory "/usr/include/x86_64-linux-gnu/c++/9"]
  ignore line: [ignoring nonexistent directory "/usr/local/include/x86_64-linux-gnu"]
  ignore line: [ignoring nonexistent directory "/usr/lib/gcc/x86_64-linux-gnu/9/include-fixed"]
  ignore line: [ignoring nonexistent directory "/usr/lib/gcc/x86_64-linux-gnu/9/../../../../x86_64-linux-gnu/include"]
  ignore line: [#include "..." search starts here:]
  ignore line: [#include <...> search starts here:]
  ignore line: [ /usr/include/c++/9]
  ignore line: [ /usr/include/x86_64-linux-gnu/c++/9]
  ignore line: [ /usr/include/c++/9/backward]
  ignore line: [ /usr/lib/gcc/x86_64-linux-gnu/9/include]
  ignore line: [ /usr/local/include]
  ignore line: [ /usr/include/x86_64-linux-gnu]
  ignore line: [ /usr/include]
  ignore line: [End of search list.]
  ignore line: [GNU C++14 (Ubuntu 9.4.0-1ubuntu1~20.04.1) version 9.4.0 (x86_64-linux-gnu)]
  ignore line: [	compiled by GNU C version 9.4.0  GMP version 6.2.0  MPFR version 4.0.2  MPC version 1.1.0  isl version isl-0.22.1-GMP]
  ignore line: []
  ignore line: [GGC heuristics: --param ggc-min-expand=100 --param ggc-min-heapsize=131072]
  ignore line: [Compiler executable checksum: 65fe925b83d3956b533de4aaba7dace0]
  ignore line: [COLLECT_GCC_OPTIONS='-v' '-o' 'CMakeFiles/cmTC_cbf2c.dir/CMakeCXXCompilerABI.cpp.o' '-c' '-shared-libgcc' '-mtune=generic' '-march=x86-64']
  ignore line: [ as -v --64 -o CMakeFiles/cmTC_cbf2c.dir/CMakeCXXCompilerABI.cpp.o /tmp/ccdNGLB3.s]
  ignore line: [GNU assembler version 2.34 (x86_64-linux-gnu) using BFD version (GNU Binutils for Ubuntu) 2.34]
  ignore line: [COMPILER_PATH=/usr/lib/gcc/x86_64-linux-gnu/9/:/usr/lib/gcc/x86_64-linux-gnu/9/:/usr/lib/gcc/x86_64-linux-gnu/:/usr/lib/gcc/x86_64-linux-gnu/9/:/usr/lib/gcc/x86_64-linux-gnu/]
  ignore line: [LIBRARY_PATH=/usr/lib/gcc/x86_64-linux-gnu/9/:/usr/lib/gcc/x86_64-linux-gnu/9/../../../x86_64-linux-gnu/:/usr/lib/gcc/x86_64-linux-gnu/9/../../../../lib/:/lib/x86_64-linux-gnu/:/lib/../lib/:/usr/lib/x86_64-linux-gnu/:/usr/lib/../lib/:/usr/lib/gcc/x86_64-linux-gnu/9/../../../:/lib/:/usr/lib/]
  ignore line: [COLLECT_GCC_OPTIONS='-v' '-o' 'CMakeFiles/cmTC_cbf2c.dir/CMakeCXXCompilerABI.cpp.o' '-c' '-shared-libgcc' '-mtune=generic' '-march=x86-64']
  ignore line: [Linking CXX executable cmTC_cbf2c]
  ignore line: [/usr/bin/cmake -E cmake_link_script CMakeFiles/cmTC_cbf2c.dir/link.txt --verbose=1]
  ignore line: [/usr/bin/c++      -v -rdynamic CMakeFiles/cmTC_cbf2c.dir/CMakeCXXCompilerABI.cpp.o  -o cmTC_cbf2c ]
  ignore line: [Using built-in specs.]
  ignore line: [COLLECT_GCC=/usr/bin/c++]
  ignore line: [COLLECT_LTO_WRAPPER=/usr/lib/gcc/x86_64-linux-gnu/9/lto-wrapper]
  ignore line: [OFFLOAD_TARGET_NAMES=nvptx-none:hsa]
  ignore line: [OFFLOAD_TARGET_DEFAULT=1]
  ignore line: [Target: x86_64-linux-gnu]
  ignore line: [Configured with: ../src/configure -v --with-pkgversion='Ubuntu 9.4.0-1ubuntu1~20.04.1' --with-bugurl=file:///usr/share/doc/gcc-9/README.Bugs --enable-languages=c ada c++ go brig d fortran objc obj-c++ gm2 --prefix=/usr --with-gcc-major-version-only --program-suffix=-9 --program-prefix=x86_64-linux-gnu- --enable-shared --enable-linker-build-id --libexecdir=/usr/lib --without-included-gettext --enable-threads=posix --libdir=/usr/lib --enable-nls --enable-clocale=gnu --enable-libstdcxx-debug --enable-libstdcxx-time=yes --with-default-libstdcxx-abi=new --enable-gnu-unique-object --disable-vtable-verify --enable-plugin --enable-default-pie --with-system-zlib --with-target-system-zlib=auto --enable-objc-gc=auto --enable-multiarch --disable-werror --with-arch-32=i686 --with-abi=m64 --with-multilib-list=m32 m64 mx32 --enable-multilib --with-tune=generic --enable-offload-targets=nvptx-none=/build/gcc-9-Av3uEd/gcc-9-9.4.0/debian/tmp-nvptx/usr hsa --without-cuda-driver --enable-checking=release --build=x86_64-linux-gnu --host=x86_64-linux-gnu --target=x86_64-linux-gnu]
  ignore line: [Thread model: posix]
  ignore line: [gcc version 9.4.0 (Ubuntu 9.4.0-1ubuntu1~20.04.1) ]
  ignore line: [COMPILER_PATH=/usr/lib/gcc/x86_64-linux-gnu/9/:/usr/lib/gcc/x86_64-linux-gnu/9/:/usr/lib/gcc/x86_64-linux-gnu/:/usr/lib/gcc/x86_64-linux-gnu/9/:/usr/lib/gcc/x86_64-linux-gnu/]
  ignore line: [LIBRARY_PATH=/usr/lib/gcc/x86_64-linux-gnu/9/:/usr/lib/gcc/x86_64-linux-gnu/9/../../../x86_64-linux-gnu/:/usr/lib/gcc/x86_64-linux-gnu/9/../../../../lib/:/lib/x86_64-linux-gnu/:/lib/../lib/:/usr/lib/x86_64-linux-gnu/:/usr/lib/../lib/:/usr/lib/gcc/x86_64-linux-gnu/9/../../../:/lib/:/usr/lib/]
  ignore line: [COLLECT_GCC_OPTIONS='-v' '-rdynamic' '-o' 'cmTC_cbf2c' '-shared-libgcc' '-mtune=generic' '-march=x86-64']
  link line: [ /usr/lib/gcc/x86_64-linux-gnu/9/collect2 -plugin /usr/lib/gcc/x86_64-linux-gnu/9/liblto_plugin.so -plugin-opt=/usr/lib/gcc/x86_64-linux-gnu/9/lto-wrapper -plugin-opt=-fresolution=/tmp/cciNqj8t.res -plugin-opt=-pass-through=-lgcc_s -plugin-opt=-pass-through=-lgcc -plugin-opt=-pass-through=-lc -plugin-opt=-pass-through=-lgcc_s -plugin-opt=-pass-through=-lgcc --build-id --eh-frame-hdr -m elf_x86_64 --hash-style=gnu --as-needed -export-dynamic -dynamic-linker /lib64/ld-linux-x86-64.so.2 -pie -z now -z relro -o cmTC_cbf2c /usr/lib/gcc/x86_64-linux-gnu/9/../../../x86_64-linux-gnu/Scrt1.o /usr/lib/gcc/x86_64-linux-gnu/9/../../../x86_64-linux-gnu/crti.o /usr/lib/gcc/x86_64-linux-gnu/9/crtbeginS.o -L/usr/lib/gcc/x86_64-linux-gnu/9 -L/usr/lib/gcc/x86_64-linux-gnu/9/../../../x86_64-linux-gnu -L/usr/lib/gcc/x86_64-linux-gnu/9/../../../../lib -L/lib/x86_64-linux-gnu -L/lib/../lib -L/usr/lib/x86_64-linux-gnu -L/usr/lib/../lib -L/usr/lib/gcc/x86_64-linux-gnu/9/../../.. CMakeFiles/cmTC_cbf2c.dir/CMakeCXXCompilerABI.cpp.o -lstdc++ -lm -lgcc_s -lgcc -lc -lgcc_s -lgcc /usr/lib/gcc/x86_64-linux-gnu/9/crtendS.o /usr/lib/gcc/x86_64-linux-gnu/9/../../../x86_64-linux-gnu/crtn.o]
    arg [/usr/lib/gcc/x86_64-linux-gnu/9/collect2] ==> ignore
    arg [-plugin] ==> ignore
    arg [/usr/lib/gcc/x86_64-linux-gnu/9/liblto_plugin.so] ==> ignore
    arg [-plugin-opt=/usr/lib/gcc/x86_64-linux-gnu/9/lto-wrapper] ==> ignore
    arg [-plugin-opt=-fresolution=/tmp/cciNqj8t.res] ==> ignore
    arg [-plugin-opt=-pass-through=-lgcc_s] ==> ignore
    arg [-plugin-opt=-pass-through=-lgcc] ==> ignore
    arg [-plugin-opt=-pass-through=-lc] ==> ignore
    arg [-plugin-opt=-pass-through=-lgcc_s] ==> ignore
    arg [-plugin-opt=-pass-through=-lgcc] ==> ignore
    arg [--build-id] ==> ignore
    arg [--eh-frame-hdr] ==> ignore
    arg [-m] ==> ignore
    arg [elf_x86_64] ==> ignore
    arg [--hash-style=gnu] ==> ignore
    arg [--as-needed] ==> ignore
    arg [-export-dynamic] ==> ignore
    arg [-dynamic-linker] ==> ignore
    arg [/lib64/ld-linux-x86-64.so.2] ==> ignore
    arg [-pie] ==> ignore
    arg [-znow] ==> ignore
    arg [-zrelro] ==> ignore
    arg [-o] ==> ignore
    arg [cmTC_cbf2c] ==> ignore
    arg [/usr/lib/gcc/x86_64-linux-gnu/9/../../../x86_64-linux-gnu/Scrt1.o] ==> ignore
    arg [/usr/lib/gcc/x86_64-linux-gnu/9/../../../x86_64-linux-gnu/crti.o] ==> ignore
    arg [/usr/lib/gcc/x86_64-linux-gnu/9/crtbeginS.o] ==> ignore
    arg [-L/usr/lib/gcc/x86_64-linux-gnu/9] ==> dir [/usr/lib/gcc/x86_64-linux-gnu/9]
    arg [-L/usr/lib/gcc/x86_64-linux-gnu/9/../../../x86_64-linux-gnu] ==> dir [/usr/lib/gcc/x86_64-linux-gnu/9/../../../x86_64-linux-gnu]
    arg [-L/usr/lib/gcc/x86_64-linux-gnu/9/../../../../lib] ==> dir [/usr/lib/gcc/x86_64-linux-gnu/9/../../../../lib]
    arg [-L/lib/x86_64-linux-gnu] ==> dir [/lib/x86_64-linux-gnu]
    arg [-L/lib/../lib] ==> dir [/lib/../lib]
    arg [-L/usr/lib/x86_64-linux-gnu] ==> dir [/usr/lib/x86_64-linux-gnu]
    arg [-L/usr/lib/../lib] ==> dir [/usr/lib/../lib]
    arg [-L/usr/lib/gcc/x86_64-linux-gnu/9/../../..] ==> dir [/usr/lib/gcc/x86_64-linux-gnu/9/../../..]
    arg [CMakeFiles/cmTC_cbf2c.dir/CMakeCXXCompilerABI.cpp.o] ==> ignore
    arg [-lstdc++] ==> lib [stdc++]
    arg [-lm] ==> lib [m]
    arg [-lgcc_s] ==> lib [gcc_s]
    arg [-lgcc] ==> lib [gcc]
    arg [-lc] ==> lib [c]
    arg [-lgcc_s] ==> lib [gcc_s]
    arg [-lgcc] ==> lib [gcc]
    arg [/usr/lib/gcc/x86_64-linux-gnu/9/crtendS.o] ==> ignore
    arg [/usr/lib/gcc/x86_64-linux-gnu/9/../../../x86_64-linux-gnu/crtn.o] ==> ignore
  collapse library dir [/usr/lib/gcc/x86_64-linux-gnu/9] ==> [/usr/lib/gcc/x86_64-linux-gnu/9]
  collapse library dir [/usr/lib/gcc/x86_64-linux-gnu/9/../../../x86_64-linux-gnu] ==> [/usr/lib/x86_64-linux-gnu]
  collapse library dir [/usr/lib/gcc/x86_64-linux-gnu/9/../../../../lib] ==> [/usr/lib]
  collapse library dir [/lib/x86_64-linux-gnu] ==> [/lib/x86_64-linux-gnu]
  collapse library dir [/lib/../lib] ==> [/lib]
  collapse library dir [/usr/lib/x86_64-linux-gnu] ==> [/usr/lib/x86_64-linux-gnu]
  collapse library dir [/usr/lib/../lib] ==> [/usr/lib]
  collapse library dir [/usr/lib/gcc/x86_64-linux-gnu/9/../../..] ==> [/usr/lib]
  implicit libs: [stdc++;m;gcc_s;gcc;c;gcc_s;gcc]
  implicit dirs: [/usr/lib/gcc/x86_64-linux-gnu/9;/usr/lib/x86_64-linux-gnu;/usr/lib;/lib/x86_64-linux-gnu;/lib]
  implicit fwks: []


Determining if the include file pthread.h exists passed with the following output:
Change Dir: /home/ashfamt/programming/catkin_ws/build/CMakeFiles/CMakeTmp

Run Build Command(s):/usr/bin/make cmTC_ffcde/fast && /usr/bin/make -f CMakeFiles/cmTC_ffcde.dir/build.make CMakeFiles/cmTC_ffcde.dir/build
make[1]: Entering directory '/home/ashfamt/programming/catkin_ws/build/CMakeFiles/CMakeTmp'
Building C object CMakeFiles/cmTC_ffcde.dir/CheckIncludeFile.c.o
/usr/bin/cc    -o CMakeFiles/cmTC_ffcde.dir/CheckIncludeFile.c.o   -c /home/ashfamt/programming/catkin_ws/build/CMakeFiles/CMakeTmp/CheckIncludeFile.c
Linking C executable cmTC_ffcde
/usr/bin/cmake -E cmake_link_script CMakeFiles/cmTC_ffcde.dir/link.txt --verbose=1
/usr/bin/cc      -rdynamic CMakeFiles/cmTC_ffcde.dir/CheckIncludeFile.c.o  -o cmTC_ffcde 
make[1]: Leaving directory '/home/ashfamt/programming/catkin_ws/build/CMakeFiles/CMakeTmp'



Determining if the function pthread_create exists in the pthread passed with the following output:
Change Dir: /home/ashfamt/programming/catkin_ws/build/CMakeFiles/CMakeTmp

Run Build Command(s):/usr/bin/make cmTC_5e91f/fast && /usr/bin/make -f CMakeFiles/cmTC_5e91f.dir/build.make CMakeFiles/cmTC_5e91f.dir/build
make[1]: Entering directory '/home/ashfamt/programming/catkin_ws/build/CMakeFiles/CMakeTmp'
Building C object CMakeFiles/cmTC_5e91f.dir/CheckFunctionExists.c.o
/usr/bin/cc   -DCHECK_FUNCTION_EXISTS=pthread_create   -o CMakeFiles/cmTC_5e91f.dir/CheckFunctionExists.c.o   -c /usr/share/cmake-3.16/Modules/CheckFunctionExists.c
Linking C executable cmTC_5e91f
/usr/bin/cmake -E cmake_link_script CMakeFiles/cmTC_5e91f.dir/link.txt --verbose=1
/usr/bin/cc  -DCHECK_FUNCTION_EXISTS=pthread_create    -rdynamic CMakeFiles/cmTC_5e91f.dir/CheckFunctionExists.c.o  -o cmTC_5e91f  -lpthread 
make[1]: Leaving directory '/home/ashfamt/programming/catkin_ws/build/CMakeFiles/CMakeTmp'



Determining if the _POSIX_VERSION exist passed with the following output:
Change Dir: /home/ashfamt/programming/catkin_ws/build/CMakeFiles/CMakeTmp

Run Build Command(s):/usr/bin/make cmTC_ac3ac/fast && /usr/bin/make -f CMakeFiles/cmTC_ac3ac.dir/build.make CMakeFiles/cmTC_ac3ac.dir/build
make[1]: Entering directory '/home/ashfamt/programming/catkin_ws/build/CMakeFiles/CMakeTmp'
Building C object CMakeFiles/cmTC_ac3ac.dir/CheckSymbolExists.c.o
/usr/bin/cc    -o CMakeFiles/cmTC_ac3ac.dir/CheckSymbolExists.c.o   -c /home/ashfamt/programming/catkin_ws/build/CMakeFiles/CMakeTmp/CheckSymbolExists.c
Linking C executable cmTC_ac3ac
/usr/bin/cmake -E cmake_link_script CMakeFiles/cmTC_ac3ac.dir/link.txt --verbose=1
/usr/bin/cc      -rdynamic CMakeFiles/cmTC_ac3ac.dir/CheckSymbolExists.c.o  -o cmTC_ac3ac 
make[1]: Leaving directory '/home/ashfamt/programming/catkin_ws/build/CMakeFiles/CMakeTmp'


File /home/ashfamt/programming/catkin_ws/build/CMakeFiles/CMakeTmp/CheckSymbolExists.c:
/* */
#include <unistd.h>

int main(int argc, char** argv)
{
  (void)argv;
#ifndef _POSIX_VERSION
  return ((int*)(&_POSIX_VERSION))[argc];
#else
  (void)argc;
  return 0;
#endif
}
Determining if the function realpath exists in the rt passed with the following output:
Change Dir: /home/ashfamt/programming/catkin_ws/build/CMakeFiles/CMakeTmp

Run Build Command(s):/usr/bin/make cmTC_61965/fast && /usr/bin/make -f CMakeFiles/cmTC_61965.dir/build.make CMakeFiles/cmTC_61965.dir/build
make[1]: Entering directory '/home/ashfamt/programming/catkin_ws/build/CMakeFiles/CMakeTmp'
Building C object CMakeFiles/cmTC_61965.dir/CheckFunctionExists.c.o
/usr/bin/cc   -DCHECK_FUNCTION_EXISTS=realpath   -o CMakeFiles/cmTC_61965.dir/CheckFunctionExists.c.o   -c /usr/share/cmake-3.16/Modules/CheckFunctionExists.c
Linking C executable cmTC_61965
/usr/bin/cmake -E cmake_link_script CMakeFiles/cmTC_61965.dir/link.txt --verbose=1
/usr/bin/cc  -DCHECK_FUNCTION_EXISTS=realpath    -rdynamic CMakeFiles/cmTC_61965.dir/CheckFunctionExists.c.o  -o cmTC_61965  -lrt 
make[1]: Leaving directory '/home/ashfamt/programming/catkin_ws/build/CMakeFiles/CMakeTmp'



Determining if the function clock_nanosleep exists in the rt passed with the following output:
Change Dir: /home/ashfamt/programming/catkin_ws/build/CMakeFiles/CMakeTmp

Run Build Command(s):/usr/bin/make cmTC_47f16/fast && /usr/bin/make -f CMakeFiles/cmTC_47f16.dir/build.make CMakeFiles/cmTC_47f16.dir/build
make[1]: Entering directory '/home/ashfamt/programming/catkin_ws/build/CMakeFiles/CMakeTmp'
Building C object CMakeFiles/cmTC_47f16.dir/CheckFunctionExists.c.o
/usr/bin/cc   -DCHECK_FUNCTION_EXISTS=clock_nanosleep   -o CMakeFiles/cmTC_47f16.dir/CheckFunctionExists.c.o   -c /usr/share/cmake-3.16/Modules/CheckFunctionExists.c
Linking C executable cmTC_47f16
/usr/bin/cmake -E cmake_link_script CMakeFiles/cmTC_47f16.dir/link.txt --verbose=1
/usr/bin/cc  -DCHECK_FUNCTION_EXISTS=clock_nanosleep    -rdynamic CMakeFiles/cmTC_47f16.dir/CheckFunctionExists.c.o  -o cmTC_47f16  -lrt 
make[1]: Leaving directory '/home/ashfamt/programming/catkin_ws/build/CMakeFiles/CMakeTmp'



Determining if the function clock_gettime exists in the rt passed with the following output:
Change Dir: /home/ashfamt/programming/catkin_ws/build/CMakeFiles/CMakeTmp

Run Build Command(s):/usr/bin/make cmTC_0e317/fast && /usr/bin/make -f CMakeFiles/cmTC_0e317.dir/build.make CMakeFiles/cmTC_0e317.dir/build
make[1]: Entering directory '/home/ashfamt/programming/catkin_ws/build/CMakeFiles/CMakeTmp'
Building C object CMakeFiles/cmTC_0e317.dir/CheckFunctionExists.c.o
/usr/bin/cc   -DCHECK_FUNCTION_EXISTS=clock_gettime   -o CMakeFiles/cmTC_0e317.dir/CheckFunctionExists.c.o   -c /usr/share/cmake-3.16/Modules/CheckFunctionExists.c
Linking C executable cmTC_0e317
/usr/bin/cmake -E cmake_link_script CMakeFiles/cmTC_0e317.dir/link.txt --verbose=1
/usr/bin/cc  -DCHECK_FUNCTION_EXISTS=clock_gettime    -rdynamic CMakeFiles/cmTC_0e317.dir/CheckFunctionExists.c.o  -o cmTC_0e317  -lrt 
make[1]: Leaving directory '/home/ashfamt/programming/catkin_ws/build/CMakeFiles/CMakeTmp'



Determining if the function pthread_mutex_timedlock exists in the pthread passed with the following output:
Change Dir: /home/ashfamt/programming/catkin_ws/build/CMakeFiles/CMakeTmp

Run Build Command(s):/usr/bin/make cmTC_22222/fast && /usr/bin/make -f CMakeFiles/cmTC_22222.dir/build.make CMakeFiles/cmTC_22222.dir/build
make[1]: Entering directory '/home/ashfamt/programming/catkin_ws/build/CMakeFiles/CMakeTmp'
Building C object CMakeFiles/cmTC_22222.dir/CheckFunctionExists.c.o
/usr/bin/cc   -DCHECK_FUNCTION_EXISTS=pthread_mutex_timedlock   -o CMakeFiles/cmTC_22222.dir/CheckFunctionExists.c.o   -c /usr/share/cmake-3.16/Modules/CheckFunctionExists.c
Linking C executable cmTC_22222
/usr/bin/cmake -E cmake_link_script CMakeFiles/cmTC_22222.dir/link.txt --verbose=1
/usr/bin/cc  -DCHECK_FUNCTION_EXISTS=pthread_mutex_timedlock    -rdynamic CMakeFiles/cmTC_22222.dir/CheckFunctionExists.c.o  -o cmTC_22222  -lpthread 
make[1]: Leaving directory '/home/ashfamt/programming/catkin_ws/build/CMakeFiles/CMakeTmp'



Determining if the function nanosleep exists in the pthread passed with the following output:
Change Dir: /home/ashfamt/programming/catkin_ws/build/CMakeFiles/CMakeTmp

Run Build Command(s):/usr/bin/make cmTC_c1c09/fast && /usr/bin/make -f CMakeFiles/cmTC_c1c09.dir/build.make CMakeFiles/cmTC_c1c09.dir/build
make[1]: Entering directory '/home/ashfamt/programming/catkin_ws/build/CMakeFiles/CMakeTmp'
Building C object CMakeFiles/cmTC_c1c09.dir/CheckFunctionExists.c.o
/usr/bin/cc   -DCHECK_FUNCTION_EXISTS=nanosleep   -o CMakeFiles/cmTC_c1c09.dir/CheckFunctionExists.c.o   -c /usr/share/cmake-3.16/Modules/CheckFunctionExists.c
Linking C executable cmTC_c1c09
/usr/bin/cmake -E cmake_link_script CMakeFiles/cmTC_c1c09.dir/link.txt --verbose=1
/usr/bin/cc  -DCHECK_FUNCTION_EXISTS=nanosleep    -rdynamic CMakeFiles/cmTC_c1c09.dir/CheckFunctionExists.c.o  -o cmTC_c1c09  -lpthread 
make[1]: Leaving directory '/home/ashfamt/programming/catkin_ws/build/CMakeFiles/CMakeTmp'



Determining if the function shm_open exists in the rt passed with the following output:
Change Dir: /home/ashfamt/programming/catkin_ws/build/CMakeFiles/CMakeTmp

Run Build Command(s):/usr/bin/make cmTC_2aa67/fast && /usr/bin/make -f CMakeFiles/cmTC_2aa67.dir/build.make CMakeFiles/cmTC_2aa67.dir/build
make[1]: Entering directory '/home/ashfamt/programming/catkin_ws/build/CMakeFiles/CMakeTmp'
Building C object CMakeFiles/cmTC_2aa67.dir/CheckFunctionExists.c.o
/usr/bin/cc   -DCHECK_FUNCTION_EXISTS=shm_open   -o CMakeFiles/cmTC_2aa67.dir/CheckFunctionExists.c.o   -c /usr/share/cmake-3.16/Modules/CheckFunctionExists.c
Linking C executable cmTC_2aa67
/usr/bin/cmake -E cmake_link_script CMakeFiles/cmTC_2aa67.dir/link.txt --verbose=1
/usr/bin/cc  -DCHECK_FUNCTION_EXISTS=shm_open    -rdynamic CMakeFiles/cmTC_2aa67.dir/CheckFunctionExists.c.o  -o cmTC_2aa67  -lrt 
make[1]: Leaving directory '/home/ashfamt/programming/catkin_ws/build/CMakeFiles/CMakeTmp'



Determining if the function sched_setscheduler exists in the pthread passed with the following output:
Change Dir: /home/ashfamt/programming/catkin_ws/build/CMakeFiles/CMakeTmp

Run Build Command(s):/usr/bin/make cmTC_fb4fa/fast && /usr/bin/make -f CMakeFiles/cmTC_fb4fa.dir/build.make CMakeFiles/cmTC_fb4fa.dir/build
make[1]: Entering directory '/home/ashfamt/programming/catkin_ws/build/CMakeFiles/CMakeTmp'
Building C object CMakeFiles/cmTC_fb4fa.dir/CheckFunctionExists.c.o
/usr/bin/cc   -DCHECK_FUNCTION_EXISTS=sched_setscheduler   -o CMakeFiles/cmTC_fb4fa.dir/CheckFunctionExists.c.o   -c /usr/share/cmake-3.16/Modules/CheckFunctionExists.c
Linking C executable cmTC_fb4fa
/usr/bin/cmake -E cmake_link_script CMakeFiles/cmTC_fb4fa.dir/link.txt --verbose=1
/usr/bin/cc  -DCHECK_FUNCTION_EXISTS=sched_setscheduler    -rdynamic CMakeFiles/cmTC_fb4fa.dir/CheckFunctionExists.c.o  -o cmTC_fb4fa  -lpthread 
make[1]: Leaving directory '/home/ashfamt/programming/catkin_ws/build/CMakeFiles/CMakeTmp'



Determining if the function sem_timedwait exists in the pthread passed with the following output:
Change Dir: /home/ashfamt/programming/catkin_ws/build/CMakeFiles/CMakeTmp

Run Build Command(s):/usr/bin/make cmTC_88049/fast && /usr/bin/make -f CMakeFiles/cmTC_88049.dir/build.make CMakeFiles/cmTC_88049.dir/build
make[1]: Entering directory '/home/ashfamt/programming/catkin_ws/build/CMakeFiles/CMakeTmp'
Building C object CMakeFiles/cmTC_88049.dir/CheckFunctionExists.c.o
/usr/bin/cc   -DCHECK_FUNCTION_EXISTS=sem_timedwait   -o CMakeFiles/cmTC_88049.dir/CheckFunctionExists.c.o   -c /usr/share/cmake-3.16/Modules/CheckFunctionExists.c
Linking C executable cmTC_88049
/usr/bin/cmake -E cmake_link_script CMakeFiles/cmTC_88049.dir/link.txt --verbose=1
/usr/bin/cc  -DCHECK_FUNCTION_EXISTS=sem_timedwait    -rdynamic CMakeFiles/cmTC_88049.dir/CheckFunctionExists.c.o  -o cmTC_88049  -lpthread 
make[1]: Leaving directory '/home/ashfamt/programming/catkin_ws/build/CMakeFiles/CMakeTmp'



Determining if the function sem_init exists in the pthread passed with the following output:
Change Dir: /home/ashfamt/programming/catkin_ws/build/CMakeFiles/CMakeTmp

Run Build Command(s):/usr/bin/make cmTC_f8602/fast && /usr/bin/make -f CMakeFiles/cmTC_f8602.dir/build.make CMakeFiles/cmTC_f8602.dir/build
make[1]: Entering directory '/home/ashfamt/programming/catkin_ws/build/CMakeFiles/CMakeTmp'
Building C object CMakeFiles/cmTC_f8602.dir/CheckFunctionExists.c.o
/usr/bin/cc   -DCHECK_FUNCTION_EXISTS=sem_init   -o CMakeFiles/cmTC_f8602.dir/CheckFunctionExists.c.o   -c /usr/share/cmake-3.16/Modules/CheckFunctionExists.c
Linking C executable cmTC_f8602
/usr/bin/cmake -E cmake_link_script CMakeFiles/cmTC_f8602.dir/link.txt --verbose=1
/usr/bin/cc  -DCHECK_FUNCTION_EXISTS=sem_init    -rdynamic CMakeFiles/cmTC_f8602.dir/CheckFunctionExists.c.o  -o cmTC_f8602  -lpthread 
make[1]: Leaving directory '/home/ashfamt/programming/catkin_ws/build/CMakeFiles/CMakeTmp'



Determining if the CLOCK_MONOTONIC exist passed with the following output:
Change Dir: /home/ashfamt/programming/catkin_ws/build/CMakeFiles/CMakeTmp

Run Build Command(s):/usr/bin/make cmTC_0f6a9/fast && /usr/bin/make -f CMakeFiles/cmTC_0f6a9.dir/build.make CMakeFiles/cmTC_0f6a9.dir/build
make[1]: Entering directory '/home/ashfamt/programming/catkin_ws/build/CMakeFiles/CMakeTmp'
Building C object CMakeFiles/cmTC_0f6a9.dir/CheckSymbolExists.c.o
/usr/bin/cc    -o CMakeFiles/cmTC_0f6a9.dir/CheckSymbolExists.c.o   -c /home/ashfamt/programming/catkin_ws/build/CMakeFiles/CMakeTmp/CheckSymbolExists.c
Linking C executable cmTC_0f6a9
/usr/bin/cmake -E cmake_link_script CMakeFiles/cmTC_0f6a9.dir/link.txt --verbose=1
/usr/bin/cc      -rdynamic CMakeFiles/cmTC_0f6a9.dir/CheckSymbolExists.c.o  -o cmTC_0f6a9 
make[1]: Leaving directory '/home/ashfamt/programming/catkin_ws/build/CMakeFiles/CMakeTmp'


File /home/ashfamt/programming/catkin_ws/build/CMakeFiles/CMakeTmp/CheckSymbolExists.c:
/* */
#include <time.h>

int main(int argc, char** argv)
{
  (void)argv;
#ifndef CLOCK_MONOTONIC
  return ((int*)(&CLOCK_MONOTONIC))[argc];
#else
  (void)argc;
  return 0;
#endif
}
Determining if the CLOCK_PROCESS_CPUTIME_ID exist passed with the following output:
Change Dir: /home/ashfamt/programming/catkin_ws/build/CMakeFiles/CMakeTmp

Run Build Command(s):/usr/bin/make cmTC_13703/fast && /usr/bin/make -f CMakeFiles/cmTC_13703.dir/build.make CMakeFiles/cmTC_13703.dir/build
make[1]: Entering directory '/home/ashfamt/programming/catkin_ws/build/CMakeFiles/CMakeTmp'
Building C object CMakeFiles/cmTC_13703.dir/CheckSymbolExists.c.o
/usr/bin/cc    -o CMakeFiles/cmTC_13703.dir/CheckSymbolExists.c.o   -c /home/ashfamt/programming/catkin_ws/build/CMakeFiles/CMakeTmp/CheckSymbolExists.c
Linking C executable cmTC_13703
/usr/bin/cmake -E cmake_link_script CMakeFiles/cmTC_13703.dir/link.txt --verbose=1
/usr/bin/cc      -rdynamic CMakeFiles/cmTC_13703.dir/CheckSymbolExists.c.o  -o cmTC_13703 
make[1]: Leaving directory '/home/ashfamt/programming/catkin_ws/build/CMakeFiles/CMakeTmp'


File /home/ashfamt/programming/catkin_ws/build/CMakeFiles/CMakeTmp/CheckSymbolExists.c:
/* */
#include <time.h>

int main(int argc, char** argv)
{
  (void)argv;
#ifndef CLOCK_PROCESS_CPUTIME_ID
  return ((int*)(&CLOCK_PROCESS_CPUTIME_ID))[argc];
#else
  (void)argc;
  return 0;
#endif
}
Determining if the include file sys/types.h exists passed with the following output:
Change Dir: /home/ashfamt/programming/catkin_ws/build/CMakeFiles/CMakeTmp

Run Build Command(s):/usr/bin/make cmTC_ec0b1/fast && /usr/bin/make -f CMakeFiles/cmTC_ec0b1.dir/build.make CMakeFiles/cmTC_ec0b1.dir/build
make[1]: Entering directory '/home/ashfamt/programming/catkin_ws/build/CMakeFiles/CMakeTmp'
Building C object CMakeFiles/cmTC_ec0b1.dir/CheckIncludeFile.c.o
/usr/bin/cc    -o CMakeFiles/cmTC_ec0b1.dir/CheckIncludeFile.c.o   -c /home/ashfamt/programming/catkin_ws/build/CMakeFiles/CMakeTmp/CheckIncludeFile.c
Linking C executable cmTC_ec0b1
/usr/bin/cmake -E cmake_link_script CMakeFiles/cmTC_ec0b1.dir/link.txt --verbose=1
/usr/bin/cc      -rdynamic CMakeFiles/cmTC_ec0b1.dir/CheckIncludeFile.c.o  -o cmTC_ec0b1 
make[1]: Leaving directory '/home/ashfamt/programming/catkin_ws/build/CMakeFiles/CMakeTmp'



Determining if the include file stdint.h exists passed with the following output:
Change Dir: /home/ashfamt/programming/catkin_ws/build/CMakeFiles/CMakeTmp

Run Build Command(s):/usr/bin/make cmTC_8c96f/fast && /usr/bin/make -f CMakeFiles/cmTC_8c96f.dir/build.make CMakeFiles/cmTC_8c96f.dir/build
make[1]: Entering directory '/home/ashfamt/programming/catkin_ws/build/CMakeFiles/CMakeTmp'
Building C object CMakeFiles/cmTC_8c96f.dir/CheckIncludeFile.c.o
/usr/bin/cc    -o CMakeFiles/cmTC_8c96f.dir/CheckIncludeFile.c.o   -c /home/ashfamt/programming/catkin_ws/build/CMakeFiles/CMakeTmp/CheckIncludeFile.c
Linking C executable cmTC_8c96f
/usr/bin/cmake -E cmake_link_script CMakeFiles/cmTC_8c96f.dir/link.txt --verbose=1
/usr/bin/cc      -rdynamic CMakeFiles/cmTC_8c96f.dir/CheckIncludeFile.c.o  -o cmTC_8c96f 
make[1]: Leaving directory '/home/ashfamt/programming/catkin_ws/build/CMakeFiles/CMakeTmp'



Determining if the include file stddef.h exists passed with the following output:
Change Dir: /home/ashfamt/programming/catkin_ws/build/CMakeFiles/CMakeTmp

Run Build Command(s):/usr/bin/make cmTC_de24b/fast && /usr/bin/make -f CMakeFiles/cmTC_de24b.dir/build.make CMakeFiles/cmTC_de24b.dir/build
make[1]: Entering directory '/home/ashfamt/programming/catkin_ws/build/CMakeFiles/CMakeTmp'
Building C object CMakeFiles/cmTC_de24b.dir/CheckIncludeFile.c.o
/usr/bin/cc    -o CMakeFiles/cmTC_de24b.dir/CheckIncludeFile.c.o   -c /home/ashfamt/programming/catkin_ws/build/CMakeFiles/CMakeTmp/CheckIncludeFile.c
Linking C executable cmTC_de24b
/usr/bin/cmake -E cmake_link_script CMakeFiles/cmTC_de24b.dir/link.txt --verbose=1
/usr/bin/cc      -rdynamic CMakeFiles/cmTC_de24b.dir/CheckIncludeFile.c.o  -o cmTC_de24b 
make[1]: Leaving directory '/home/ashfamt/programming/catkin_ws/build/CMakeFiles/CMakeTmp'



Determining size of char passed with the following output:
Change Dir: /home/ashfamt/programming/catkin_ws/build/CMakeFiles/CMakeTmp

Run Build Command(s):/usr/bin/make cmTC_15386/fast && /usr/bin/make -f CMakeFiles/cmTC_15386.dir/build.make CMakeFiles/cmTC_15386.dir/build
make[1]: Entering directory '/home/ashfamt/programming/catkin_ws/build/CMakeFiles/CMakeTmp'
Building C object CMakeFiles/cmTC_15386.dir/PLATFORM_SIZE_OF_CHAR.c.o
/usr/bin/cc    -o CMakeFiles/cmTC_15386.dir/PLATFORM_SIZE_OF_CHAR.c.o   -c /home/ashfamt/programming/catkin_ws/build/CMakeFiles/CheckTypeSize/PLATFORM_SIZE_OF_CHAR.c
Linking C executable cmTC_15386
/usr/bin/cmake -E cmake_link_script CMakeFiles/cmTC_15386.dir/link.txt --verbose=1
/usr/bin/cc      -rdynamic CMakeFiles/cmTC_15386.dir/PLATFORM_SIZE_OF_CHAR.c.o  -o cmTC_15386 
make[1]: Leaving directory '/home/ashfamt/programming/catkin_ws/build/CMakeFiles/CMakeTmp'



Determining size of short passed with the following output:
Change Dir: /home/ashfamt/programming/catkin_ws/build/CMakeFiles/CMakeTmp

Run Build Command(s):/usr/bin/make cmTC_a54d5/fast && /usr/bin/make -f CMakeFiles/cmTC_a54d5.dir/build.make CMakeFiles/cmTC_a54d5.dir/build
make[1]: Entering directory '/home/ashfamt/programming/catkin_ws/build/CMakeFiles/CMakeTmp'
Building C object CMakeFiles/cmTC_a54d5.dir/PLATFORM_SIZE_OF_SHORT.c.o
/usr/bin/cc    -o CMakeFiles/cmTC_a54d5.dir/PLATFORM_SIZE_OF_SHORT.c.o   -c /home/ashfamt/programming/catkin_ws/build/CMakeFiles/CheckTypeSize/PLATFORM_SIZE_OF_SHORT.c
Linking C executable cmTC_a54d5
/usr/bin/cmake -E cmake_link_script CMakeFiles/cmTC_a54d5.dir/link.txt --verbose=1
/usr/bin/cc      -rdynamic CMakeFiles/cmTC_a54d5.dir/PLATFORM_SIZE_OF_SHORT.c.o  -o cmTC_a54d5 
make[1]: Leaving directory '/home/ashfamt/programming/catkin_ws/build/CMakeFiles/CMakeTmp'



Determining size of int passed with the following output:
Change Dir: /home/ashfamt/programming/catkin_ws/build/CMakeFiles/CMakeTmp

Run Build Command(s):/usr/bin/make cmTC_24bec/fast && /usr/bin/make -f CMakeFiles/cmTC_24bec.dir/build.make CMakeFiles/cmTC_24bec.dir/build
make[1]: Entering directory '/home/ashfamt/programming/catkin_ws/build/CMakeFiles/CMakeTmp'
Building C object CMakeFiles/cmTC_24bec.dir/PLATFORM_SIZE_OF_INT.c.o
/usr/bin/cc    -o CMakeFiles/cmTC_24bec.dir/PLATFORM_SIZE_OF_INT.c.o   -c /home/ashfamt/programming/catkin_ws/build/CMakeFiles/CheckTypeSize/PLATFORM_SIZE_OF_INT.c
Linking C executable cmTC_24bec
/usr/bin/cmake -E cmake_link_script CMakeFiles/cmTC_24bec.dir/link.txt --verbose=1
/usr/bin/cc      -rdynamic CMakeFiles/cmTC_24bec.dir/PLATFORM_SIZE_OF_INT.c.o  -o cmTC_24bec 
make[1]: Leaving directory '/home/ashfamt/programming/catkin_ws/build/CMakeFiles/CMakeTmp'



Determining size of long passed with the following output:
Change Dir: /home/ashfamt/programming/catkin_ws/build/CMakeFiles/CMakeTmp

Run Build Command(s):/usr/bin/make cmTC_73d34/fast && /usr/bin/make -f CMakeFiles/cmTC_73d34.dir/build.make CMakeFiles/cmTC_73d34.dir/build
make[1]: Entering directory '/home/ashfamt/programming/catkin_ws/build/CMakeFiles/CMakeTmp'
Building C object CMakeFiles/cmTC_73d34.dir/PLATFORM_SIZE_OF_LONG.c.o
/usr/bin/cc    -o CMakeFiles/cmTC_73d34.dir/PLATFORM_SIZE_OF_LONG.c.o   -c /home/ashfamt/programming/catkin_ws/build/CMakeFiles/CheckTypeSize/PLATFORM_SIZE_OF_LONG.c
Linking C executable cmTC_73d34
/usr/bin/cmake -E cmake_link_script CMakeFiles/cmTC_73d34.dir/link.txt --verbose=1
/usr/bin/cc      -rdynamic CMakeFiles/cmTC_73d34.dir/PLATFORM_SIZE_OF_LONG.c.o  -o cmTC_73d34 
make[1]: Leaving directory '/home/ashfamt/programming/catkin_ws/build/CMakeFiles/CMakeTmp'



Determining size of long long passed with the following output:
Change Dir: /home/ashfamt/programming/catkin_ws/build/CMakeFiles/CMakeTmp

Run Build Command(s):/usr/bin/make cmTC_1dc26/fast && /usr/bin/make -f CMakeFiles/cmTC_1dc26.dir/build.make CMakeFiles/cmTC_1dc26.dir/build
make[1]: Entering directory '/home/ashfamt/programming/catkin_ws/build/CMakeFiles/CMakeTmp'
Building C object CMakeFiles/cmTC_1dc26.dir/PLATFORM_SIZE_OF_LONG_LONG.c.o
/usr/bin/cc    -o CMakeFiles/cmTC_1dc26.dir/PLATFORM_SIZE_OF_LONG_LONG.c.o   -c /home/ashfamt/programming/catkin_ws/build/CMakeFiles/CheckTypeSize/PLATFORM_SIZE_OF_LONG_LONG.c
Linking C executable cmTC_1dc26
/usr/bin/cmake -E cmake_link_script CMakeFiles/cmTC_1dc26.dir/link.txt --verbose=1
/usr/bin/cc      -rdynamic CMakeFiles/cmTC_1dc26.dir/PLATFORM_SIZE_OF_LONG_LONG.c.o  -o cmTC_1dc26 
make[1]: Leaving directory '/home/ashfamt/programming/catkin_ws/build/CMakeFiles/CMakeTmp'



Determining size of float passed with the following output:
Change Dir: /home/ashfamt/programming/catkin_ws/build/CMakeFiles/CMakeTmp

Run Build Command(s):/usr/bin/make cmTC_85c17/fast && /usr/bin/make -f CMakeFiles/cmTC_85c17.dir/build.make CMakeFiles/cmTC_85c17.dir/build
make[1]: Entering directory '/home/ashfamt/programming/catkin_ws/build/CMakeFiles/CMakeTmp'
Building C object CMakeFiles/cmTC_85c17.dir/PLATFORM_SIZE_OF_FLOAT.c.o
/usr/bin/cc    -o CMakeFiles/cmTC_85c17.dir/PLATFORM_SIZE_OF_FLOAT.c.o   -c /home/ashfamt/programming/catkin_ws/build/CMakeFiles/CheckTypeSize/PLATFORM_SIZE_OF_FLOAT.c
Linking C executable cmTC_85c17
/usr/bin/cmake -E cmake_link_script CMakeFiles/cmTC_85c17.dir/link.txt --verbose=1
/usr/bin/cc      -rdynamic CMakeFiles/cmTC_85c17.dir/PLATFORM_SIZE_OF_FLOAT.c.o  -o cmTC_85c17 
make[1]: Leaving directory '/home/ashfamt/programming/catkin_ws/build/CMakeFiles/CMakeTmp'



Determining size of double passed with the following output:
Change Dir: /home/ashfamt/programming/catkin_ws/build/CMakeFiles/CMakeTmp

Run Build Command(s):/usr/bin/make cmTC_63aac/fast && /usr/bin/make -f CMakeFiles/cmTC_63aac.dir/build.make CMakeFiles/cmTC_63aac.dir/build
make[1]: Entering directory '/home/ashfamt/programming/catkin_ws/build/CMakeFiles/CMakeTmp'
Building C object CMakeFiles/cmTC_63aac.dir/PLATFORM_SIZE_OF_DOUBLE.c.o
/usr/bin/cc    -o CMakeFiles/cmTC_63aac.dir/PLATFORM_SIZE_OF_DOUBLE.c.o   -c /home/ashfamt/programming/catkin_ws/build/CMakeFiles/CheckTypeSize/PLATFORM_SIZE_OF_DOUBLE.c
Linking C executable cmTC_63aac
/usr/bin/cmake -E cmake_link_script CMakeFiles/cmTC_63aac.dir/link.txt --verbose=1
/usr/bin/cc      -rdynamic CMakeFiles/cmTC_63aac.dir/PLATFORM_SIZE_OF_DOUBLE.c.o  -o cmTC_63aac 
make[1]: Leaving directory '/home/ashfamt/programming/catkin_ws/build/CMakeFiles/CMakeTmp'



Determining size of long double passed with the following output:
Change Dir: /home/ashfamt/programming/catkin_ws/build/CMakeFiles/CMakeTmp

Run Build Command(s):/usr/bin/make cmTC_81a94/fast && /usr/bin/make -f CMakeFiles/cmTC_81a94.dir/build.make CMakeFiles/cmTC_81a94.dir/build
make[1]: Entering directory '/home/ashfamt/programming/catkin_ws/build/CMakeFiles/CMakeTmp'
Building C object CMakeFiles/cmTC_81a94.dir/PLATFORM_SIZE_OF_LONG_DOUBLE.c.o
/usr/bin/cc    -o CMakeFiles/cmTC_81a94.dir/PLATFORM_SIZE_OF_LONG_DOUBLE.c.o   -c /home/ashfamt/programming/catkin_ws/build/CMakeFiles/CheckTypeSize/PLATFORM_SIZE_OF_LONG_DOUBLE.c
Linking C executable cmTC_81a94
/usr/bin/cmake -E cmake_link_script CMakeFiles/cmTC_81a94.dir/link.txt --verbose=1
/usr/bin/cc      -rdynamic CMakeFiles/cmTC_81a94.dir/PLATFORM_SIZE_OF_LONG_DOUBLE.c.o  -o cmTC_81a94 
make[1]: Leaving directory '/home/ashfamt/programming/catkin_ws/build/CMakeFiles/CMakeTmp'



Determining size of unsigned short passed with the following output:
Change Dir: /home/ashfamt/programming/catkin_ws/build/CMakeFiles/CMakeTmp

Run Build Command(s):/usr/bin/make cmTC_a2cf1/fast && /usr/bin/make -f CMakeFiles/cmTC_a2cf1.dir/build.make CMakeFiles/cmTC_a2cf1.dir/build
make[1]: Entering directory '/home/ashfamt/programming/catkin_ws/build/CMakeFiles/CMakeTmp'
Building C object CMakeFiles/cmTC_a2cf1.dir/CMAKE_SIZEOF_UNSIGNED_SHORT.c.o
/usr/bin/cc    -o CMakeFiles/cmTC_a2cf1.dir/CMAKE_SIZEOF_UNSIGNED_SHORT.c.o   -c /home/ashfamt/programming/catkin_ws/build/CMakeFiles/CheckTypeSize/CMAKE_SIZEOF_UNSIGNED_SHORT.c
Linking C executable cmTC_a2cf1
/usr/bin/cmake -E cmake_link_script CMakeFiles/cmTC_a2cf1.dir/link.txt --verbose=1
/usr/bin/cc      -rdynamic CMakeFiles/cmTC_a2cf1.dir/CMAKE_SIZEOF_UNSIGNED_SHORT.c.o  -o cmTC_a2cf1 
make[1]: Leaving directory '/home/ashfamt/programming/catkin_ws/build/CMakeFiles/CMakeTmp'



Determining if the system is big endian passed with the following output:
Change Dir: /home/ashfamt/programming/catkin_ws/build/CMakeFiles/CMakeTmp

Run Build Command(s):/usr/bin/make cmTC_f1731/fast && /usr/bin/make -f CMakeFiles/cmTC_f1731.dir/build.make CMakeFiles/cmTC_f1731.dir/build
make[1]: Entering directory '/home/ashfamt/programming/catkin_ws/build/CMakeFiles/CMakeTmp'
Building C object CMakeFiles/cmTC_f1731.dir/TestEndianess.c.o
/usr/bin/cc    -o CMakeFiles/cmTC_f1731.dir/TestEndianess.c.o   -c /home/ashfamt/programming/catkin_ws/build/CMakeFiles/CMakeTmp/TestEndianess.c
Linking C executable cmTC_f1731
/usr/bin/cmake -E cmake_link_script CMakeFiles/cmTC_f1731.dir/link.txt --verbose=1
/usr/bin/cc      -rdynamic CMakeFiles/cmTC_f1731.dir/TestEndianess.c.o  -o cmTC_f1731 
make[1]: Leaving directory '/home/ashfamt/programming/catkin_ws/build/CMakeFiles/CMakeTmp'


TestEndianess.c:
/* A 16 bit integer is required. */
typedef unsigned short cmakeint16;

/* On a little endian machine, these 16bit ints will give "THIS IS LITTLE ENDIAN."
   On a big endian machine the characters will be exchanged pairwise. */
const cmakeint16 info_little[] =  {0x4854, 0x5349, 0x4920, 0x2053, 0x494c, 0x5454, 0x454c, 0x4520, 0x444e, 0x4149, 0x2e4e, 0x0000};

/* on a big endian machine, these 16bit ints will give "THIS IS BIG ENDIAN."
   On a little endian machine the characters will be exchanged pairwise. */
const cmakeint16 info_big[] =     {0x5448, 0x4953, 0x2049, 0x5320, 0x4249, 0x4720, 0x454e, 0x4449, 0x414e, 0x2e2e, 0x0000};

#ifdef __CLASSIC_C__
int main(argc, argv) int argc; char *argv[];
#else
int main(int argc, char *argv[])
#endif
{
  int require = 0;
  require += info_little[argc];
  require += info_big[argc];
  (void)argv;
  return require;
}


